[0.435s] Invoking command in '/home/za/Codes/zzros/src/state_transformer/joint_state_pub': CONDA_PROMPT_MODIFIER=(ros) DEBUGINFOD_URLS=https://debuginfod.ubuntu.com PYTHONPATH=/home/za/Codes/zzros/build/joint_state_pub/prefix_override:/usr/lib/python3/dist-packages/colcon_core/task/python/colcon_distutils_commands:/home/za/Codes/zzros/install/joint_state_pub/lib/python3.12/site-packages:${PYTHONPATH} /usr/bin/python3 -W ignore:setup.py install is deprecated -W ignore:easy_install command is deprecated setup.py egg_info --egg-base ../../../build/joint_state_pub build --build-base /home/za/Codes/zzros/build/joint_state_pub/build install --record /home/za/Codes/zzros/build/joint_state_pub/install.log --single-version-externally-managed install_data
[0.577s] running egg_info
[0.585s] writing ../../../build/joint_state_pub/joint_state_pub.egg-info/PKG-INFO
[0.586s] writing dependency_links to ../../../build/joint_state_pub/joint_state_pub.egg-info/dependency_links.txt
[0.586s] writing entry points to ../../../build/joint_state_pub/joint_state_pub.egg-info/entry_points.txt
[0.586s] writing requirements to ../../../build/joint_state_pub/joint_state_pub.egg-info/requires.txt
[0.586s] writing top-level names to ../../../build/joint_state_pub/joint_state_pub.egg-info/top_level.txt
[0.605s] reading manifest file '../../../build/joint_state_pub/joint_state_pub.egg-info/SOURCES.txt'
[0.605s] adding license file 'LICENSE'
[0.605s] writing manifest file '../../../build/joint_state_pub/joint_state_pub.egg-info/SOURCES.txt'
[0.605s] running build
[0.605s] running build_py
[0.605s] copying joint_state_pub/joint_state_pub.py -> /home/za/Codes/zzros/build/joint_state_pub/build/lib/joint_state_pub
[0.605s] running install
[0.609s] running install_lib
[0.618s] copying /home/za/Codes/zzros/build/joint_state_pub/build/lib/joint_state_pub/joint_state_pub.py -> /home/za/Codes/zzros/install/joint_state_pub/lib/python3.12/site-packages/joint_state_pub
[0.619s] byte-compiling /home/za/Codes/zzros/install/joint_state_pub/lib/python3.12/site-packages/joint_state_pub/joint_state_pub.py to joint_state_pub.cpython-312.pyc
[0.619s] running install_data
[0.619s] running install_egg_info
[0.629s] removing '/home/za/Codes/zzros/install/joint_state_pub/lib/python3.12/site-packages/joint_state_pub-0.0.0-py3.12.egg-info' (and everything under it)
[0.629s] Copying ../../../build/joint_state_pub/joint_state_pub.egg-info to /home/za/Codes/zzros/install/joint_state_pub/lib/python3.12/site-packages/joint_state_pub-0.0.0-py3.12.egg-info
[0.629s] running install_scripts
[0.694s] Installing joint_state_pub script to /home/za/Codes/zzros/install/joint_state_pub/lib/joint_state_pub
[0.694s] writing list of installed files to '/home/za/Codes/zzros/build/joint_state_pub/install.log'
[0.711s] Invoked command in '/home/za/Codes/zzros/src/state_transformer/joint_state_pub' returned '0': CONDA_PROMPT_MODIFIER=(ros) DEBUGINFOD_URLS=https://debuginfod.ubuntu.com PYTHONPATH=/home/za/Codes/zzros/build/joint_state_pub/prefix_override:/usr/lib/python3/dist-packages/colcon_core/task/python/colcon_distutils_commands:/home/za/Codes/zzros/install/joint_state_pub/lib/python3.12/site-packages:${PYTHONPATH} /usr/bin/python3 -W ignore:setup.py install is deprecated -W ignore:easy_install command is deprecated setup.py egg_info --egg-base ../../../build/joint_state_pub build --build-base /home/za/Codes/zzros/build/joint_state_pub/build install --record /home/za/Codes/zzros/build/joint_state_pub/install.log --single-version-externally-managed install_data
