[0.009s] Invoking command in '/home/za/Codes/zzros/build/model_config': CMAKE_PREFIX_PATH=${CMAKE_PREFIX_PATH}:/opt/ros/jazzy CONDA_PROMPT_MODIFIER=(ros) DEBUGINFOD_URLS=https://debuginfod.ubuntu.com /usr/bin/cmake --build /home/za/Codes/zzros/build/model_config -- -j8 -l8
[0.032s] Invoked command in '/home/za/Codes/zzros/build/model_config' returned '0': CMAKE_PREFIX_PATH=${CMAKE_PREFIX_PATH}:/opt/ros/jazzy CONDA_PROMPT_MODIFIER=(ros) DEBUGINFOD_URLS=https://debuginfod.ubuntu.com /usr/bin/cmake --build /home/za/Codes/zzros/build/model_config -- -j8 -l8
[0.038s] Invoking command in '/home/za/Codes/zzros/build/model_config': CMAKE_PREFIX_PATH=${CMAKE_PREFIX_PATH}:/opt/ros/jazzy CONDA_PROMPT_MODIFIER=(ros) DEBUGINFOD_URLS=https://debuginfod.ubuntu.com /usr/bin/cmake --install /home/za/Codes/zzros/build/model_config
[0.042s] -- Install configuration: ""
[0.042s] -- Up-to-date: /home/za/Codes/zzros/install/model_config/share/model_config/urdf
[0.042s] -- Up-to-date: /home/za/Codes/zzros/install/model_config/share/model_config/urdf/robot.xacro
[0.043s] -- Up-to-date: /home/za/Codes/zzros/install/model_config/share/model_config/urdf/robot.urdf
[0.043s] -- Up-to-date: /home/za/Codes/zzros/install/model_config/share/model_config/urdf/ros2_control.xacro
[0.043s] -- Up-to-date: /home/za/Codes/zzros/install/model_config/share/model_config/meshes
[0.043s] -- Up-to-date: /home/za/Codes/zzros/install/model_config/share/model_config/meshes/Link6.STL
[0.043s] -- Up-to-date: /home/za/Codes/zzros/install/model_config/share/model_config/meshes/Link4.STL
[0.043s] -- Up-to-date: /home/za/Codes/zzros/install/model_config/share/model_config/meshes/Link7.STL
[0.043s] -- Up-to-date: /home/za/Codes/zzros/install/model_config/share/model_config/meshes/Link5.STL
[0.043s] -- Up-to-date: /home/za/Codes/zzros/install/model_config/share/model_config/meshes/Link8.STL
[0.043s] -- Up-to-date: /home/za/Codes/zzros/install/model_config/share/model_config/meshes/Link2.STL
[0.043s] -- Up-to-date: /home/za/Codes/zzros/install/model_config/share/model_config/meshes/Link1.STL
[0.043s] [31mCMake Error at cmake_install.cmake:55 (file):
[0.043s]   file INSTALL cannot find
[0.044s]   "/home/za/Codes/zzros/src/model_config/src/joint_state_publisher.py": No
[0.044s]   such file or directory.
[0.044s] 
[0.044s] [0m
[0.044s] -- Up-to-date: /home/za/Codes/zzros/install/model_config/share/model_config/meshes/base_link.STL
[0.044s] -- Up-to-date: /home/za/Codes/zzros/install/model_config/share/model_config/meshes/Link3.STL
[0.044s] -- Up-to-date: /home/za/Codes/zzros/install/model_config/share/model_config/launch
[0.044s] -- Installing: /home/za/Codes/zzros/install/model_config/share/model_config/launch/display.model.launch.py
[0.044s] -- Up-to-date: /home/za/Codes/zzros/install/model_config/share/model_config/configs
[0.044s] -- Up-to-date: /home/za/Codes/zzros/install/model_config/share/model_config/configs/robot_rviz_config.rviz
[0.044s] -- Up-to-date: /home/za/Codes/zzros/install/model_config/share/model_config/configs/ros2_controller.yaml
[0.045s] Invoked command in '/home/za/Codes/zzros/build/model_config' returned '1': CMAKE_PREFIX_PATH=${CMAKE_PREFIX_PATH}:/opt/ros/jazzy CONDA_PROMPT_MODIFIER=(ros) DEBUGINFOD_URLS=https://debuginfod.ubuntu.com /usr/bin/cmake --install /home/za/Codes/zzros/build/model_config
