[0.537s] Invoking command in '/home/za/Codes/zzros/src/core': CONDA_PROMPT_MODIFIER=(ros) DEBUGINFOD_URLS=https://debuginfod.ubuntu.com PYTHONPATH=/home/za/Codes/zzros/build/core/prefix_override:/usr/lib/python3/dist-packages/colcon_core/task/python/colcon_distutils_commands:/home/za/Codes/zzros/install/core/lib/python3.12/site-packages:${PYTHONPATH} /usr/bin/python3 -W ignore:setup.py install is deprecated -W ignore:easy_install command is deprecated setup.py egg_info --egg-base ../../build/core build --build-base /home/za/Codes/zzros/build/core/build install --record /home/za/Codes/zzros/build/core/install.log --single-version-externally-managed install_data
[0.668s] running egg_info
[0.677s] writing ../../build/core/core.egg-info/PKG-INFO
[0.677s] writing dependency_links to ../../build/core/core.egg-info/dependency_links.txt
[0.677s] writing requirements to ../../build/core/core.egg-info/requires.txt
[0.678s] writing top-level names to ../../build/core/core.egg-info/top_level.txt
[0.698s] reading manifest file '../../build/core/core.egg-info/SOURCES.txt'
[0.698s] adding license file 'LICENSE'
[0.698s] writing manifest file '../../build/core/core.egg-info/SOURCES.txt'
[0.699s] running build
[0.699s] running build_py
[0.699s] running install
[0.702s] running install_lib
[0.713s] running install_data
[0.713s] running install_egg_info
[0.723s] removing '/home/za/Codes/zzros/install/core/lib/python3.12/site-packages/core-0.0.0-py3.12.egg-info' (and everything under it)
[0.723s] Copying ../../build/core/core.egg-info to /home/za/Codes/zzros/install/core/lib/python3.12/site-packages/core-0.0.0-py3.12.egg-info
[0.724s] running install_scripts
[0.786s] writing list of installed files to '/home/za/Codes/zzros/build/core/install.log'
[0.804s] Invoked command in '/home/za/Codes/zzros/src/core' returned '0': CONDA_PROMPT_MODIFIER=(ros) DEBUGINFOD_URLS=https://debuginfod.ubuntu.com PYTHONPATH=/home/za/Codes/zzros/build/core/prefix_override:/usr/lib/python3/dist-packages/colcon_core/task/python/colcon_distutils_commands:/home/za/Codes/zzros/install/core/lib/python3.12/site-packages:${PYTHONPATH} /usr/bin/python3 -W ignore:setup.py install is deprecated -W ignore:easy_install command is deprecated setup.py egg_info --egg-base ../../build/core build --build-base /home/za/Codes/zzros/build/core/build install --record /home/za/Codes/zzros/build/core/install.log --single-version-externally-managed install_data
