[0.527s] Invoking command in '/home/za/Codes/zzros/src/core': CONDA_PROMPT_MODIFIER=(ros) DEBUGINFOD_URLS=https://debuginfod.ubuntu.com PYTHONPATH=/home/za/Codes/zzros/build/core/prefix_override:/usr/lib/python3/dist-packages/colcon_core/task/python/colcon_distutils_commands:/home/za/Codes/zzros/install/core/lib/python3.12/site-packages:${PYTHONPATH} /usr/bin/python3 -W ignore:setup.py install is deprecated -W ignore:easy_install command is deprecated setup.py egg_info --egg-base ../../build/core build --build-base /home/za/Codes/zzros/build/core/build install --record /home/za/Codes/zzros/build/core/install.log --single-version-externally-managed install_data
[0.655s] running egg_info
[0.655s] creating ../../build/core/core.egg-info
[0.664s] writing ../../build/core/core.egg-info/PKG-INFO
[0.665s] writing dependency_links to ../../build/core/core.egg-info/dependency_links.txt
[0.665s] writing requirements to ../../build/core/core.egg-info/requires.txt
[0.665s] writing top-level names to ../../build/core/core.egg-info/top_level.txt
[0.665s] writing manifest file '../../build/core/core.egg-info/SOURCES.txt'
[0.682s] reading manifest file '../../build/core/core.egg-info/SOURCES.txt'
[0.682s] adding license file 'LICENSE'
[0.683s] writing manifest file '../../build/core/core.egg-info/SOURCES.txt'
[0.683s] running build
[0.683s] running build_py
[0.683s] creating /home/za/Codes/zzros/build/core/build
[0.683s] creating /home/za/Codes/zzros/build/core/build/lib
[0.683s] creating /home/za/Codes/zzros/build/core/build/lib/core
[0.683s] copying core/__init__.py -> /home/za/Codes/zzros/build/core/build/lib/core
[0.684s] creating /home/za/Codes/zzros/build/core/build/lib/core/kinematic
[0.684s] copying core/kinematic/base.py -> /home/za/Codes/zzros/build/core/build/lib/core/kinematic
[0.684s] copying core/kinematic/__init__.py -> /home/za/Codes/zzros/build/core/build/lib/core/kinematic
[0.684s] copying core/kinematic/kinematic_6dof.py -> /home/za/Codes/zzros/build/core/build/lib/core/kinematic
[0.684s] creating /home/za/Codes/zzros/build/core/build/lib/core/vis
[0.684s] copying core/vis/dh_vis.py -> /home/za/Codes/zzros/build/core/build/lib/core/vis
[0.684s] copying core/vis/__init__.py -> /home/za/Codes/zzros/build/core/build/lib/core/vis
[0.684s] running install
[0.687s] running install_lib
[0.696s] creating /home/za/Codes/zzros/install/core/lib/python3.12/site-packages/core
[0.696s] creating /home/za/Codes/zzros/install/core/lib/python3.12/site-packages/core/kinematic
[0.697s] copying /home/za/Codes/zzros/build/core/build/lib/core/kinematic/base.py -> /home/za/Codes/zzros/install/core/lib/python3.12/site-packages/core/kinematic
[0.697s] copying /home/za/Codes/zzros/build/core/build/lib/core/kinematic/__init__.py -> /home/za/Codes/zzros/install/core/lib/python3.12/site-packages/core/kinematic
[0.697s] copying /home/za/Codes/zzros/build/core/build/lib/core/kinematic/kinematic_6dof.py -> /home/za/Codes/zzros/install/core/lib/python3.12/site-packages/core/kinematic
[0.697s] creating /home/za/Codes/zzros/install/core/lib/python3.12/site-packages/core/vis
[0.697s] copying /home/za/Codes/zzros/build/core/build/lib/core/vis/dh_vis.py -> /home/za/Codes/zzros/install/core/lib/python3.12/site-packages/core/vis
[0.697s] copying /home/za/Codes/zzros/build/core/build/lib/core/vis/__init__.py -> /home/za/Codes/zzros/install/core/lib/python3.12/site-packages/core/vis
[0.697s] copying /home/za/Codes/zzros/build/core/build/lib/core/__init__.py -> /home/za/Codes/zzros/install/core/lib/python3.12/site-packages/core
[0.698s] byte-compiling /home/za/Codes/zzros/install/core/lib/python3.12/site-packages/core/kinematic/base.py to base.cpython-312.pyc
[0.698s] byte-compiling /home/za/Codes/zzros/install/core/lib/python3.12/site-packages/core/kinematic/__init__.py to __init__.cpython-312.pyc
[0.698s] byte-compiling /home/za/Codes/zzros/install/core/lib/python3.12/site-packages/core/kinematic/kinematic_6dof.py to kinematic_6dof.cpython-312.pyc
[0.699s] byte-compiling /home/za/Codes/zzros/install/core/lib/python3.12/site-packages/core/vis/dh_vis.py to dh_vis.cpython-312.pyc
[0.700s] byte-compiling /home/za/Codes/zzros/install/core/lib/python3.12/site-packages/core/vis/__init__.py to __init__.cpython-312.pyc
[0.700s] byte-compiling /home/za/Codes/zzros/install/core/lib/python3.12/site-packages/core/__init__.py to __init__.cpython-312.pyc
[0.700s] running install_data
[0.700s] creating /home/za/Codes/zzros/install/core/share/ament_index
[0.700s] creating /home/za/Codes/zzros/install/core/share/ament_index/resource_index
[0.700s] creating /home/za/Codes/zzros/install/core/share/ament_index/resource_index/packages
[0.701s] copying resource/core -> /home/za/Codes/zzros/install/core/share/ament_index/resource_index/packages
[0.701s] copying package.xml -> /home/za/Codes/zzros/install/core/share/core
[0.701s] running install_egg_info
[0.710s] Copying ../../build/core/core.egg-info to /home/za/Codes/zzros/install/core/lib/python3.12/site-packages/core-0.0.0-py3.12.egg-info
[0.712s] running install_scripts
[0.772s] writing list of installed files to '/home/za/Codes/zzros/build/core/install.log'
[0.788s] Invoked command in '/home/za/Codes/zzros/src/core' returned '0': CONDA_PROMPT_MODIFIER=(ros) DEBUGINFOD_URLS=https://debuginfod.ubuntu.com PYTHONPATH=/home/za/Codes/zzros/build/core/prefix_override:/usr/lib/python3/dist-packages/colcon_core/task/python/colcon_distutils_commands:/home/za/Codes/zzros/install/core/lib/python3.12/site-packages:${PYTHONPATH} /usr/bin/python3 -W ignore:setup.py install is deprecated -W ignore:easy_install command is deprecated setup.py egg_info --egg-base ../../build/core build --build-base /home/za/Codes/zzros/build/core/build install --record /home/za/Codes/zzros/build/core/install.log --single-version-externally-managed install_data
