[0.007s] Invoking command in '/home/za/Codes/zzros/build/model_config': CMAKE_PREFIX_PATH=${CMAKE_PREFIX_PATH}:/opt/ros/jazzy CONDA_PROMPT_MODIFIER=(ros) DEBUGINFOD_URLS=https://debuginfod.ubuntu.com /usr/bin/cmake /home/za/Codes/zzros/src/model_config -DCMAKE_INSTALL_PREFIX=/home/za/Codes/zzros/install/model_config
[0.038s] -- The C compiler identification is GNU 13.3.0
[0.070s] -- The CXX compiler identification is GNU 13.3.0
[0.079s] -- Detecting C compiler ABI info
[0.130s] -- Detecting C compiler ABI info - done
[0.135s] -- Check for working C compiler: /usr/bin/cc - skipped
[0.135s] -- Detecting C compile features
[0.135s] -- Detecting C compile features - done
[0.140s] -- Detecting CXX compiler ABI info
[0.193s] -- Detecting CXX compiler ABI info - done
[0.201s] -- Check for working CXX compiler: /usr/bin/c++ - skipped
[0.202s] -- Detecting CXX compile features
[0.202s] -- Detecting CXX compile features - done
[0.202s] -- Found ament_cmake: 2.5.3 (/opt/ros/jazzy/share/ament_cmake/cmake)
[0.263s] -- Found Python3: /home/za/anaconda3/envs/ros/bin/python3 (found version "3.12.0") found components: Interpreter 
[0.331s] -- Found ament_lint_auto: 0.17.1 (/opt/ros/jazzy/share/ament_lint_auto/cmake)
[0.391s] -- Added test 'flake8' to check Python code syntax and style conventions
[0.391s] -- Configured 'flake8' exclude dirs and/or files: 
[0.392s] -- Added test 'lint_cmake' to check CMake code style
[0.392s] -- Added test 'pep257' to check Python code against some of the docstring style conventions in PEP 257
[0.393s] -- Added test 'xmllint' to check XML markup files
[0.394s] -- Configuring done (0.4s)
[0.395s] -- Generating done (0.0s)
[0.396s] -- Build files have been written to: /home/za/Codes/zzros/build/model_config
[0.399s] Invoked command in '/home/za/Codes/zzros/build/model_config' returned '0': CMAKE_PREFIX_PATH=${CMAKE_PREFIX_PATH}:/opt/ros/jazzy CONDA_PROMPT_MODIFIER=(ros) DEBUGINFOD_URLS=https://debuginfod.ubuntu.com /usr/bin/cmake /home/za/Codes/zzros/src/model_config -DCMAKE_INSTALL_PREFIX=/home/za/Codes/zzros/install/model_config
[0.400s] Invoking command in '/home/za/Codes/zzros/build/model_config': CMAKE_PREFIX_PATH=${CMAKE_PREFIX_PATH}:/opt/ros/jazzy CONDA_PROMPT_MODIFIER=(ros) DEBUGINFOD_URLS=https://debuginfod.ubuntu.com /usr/bin/cmake --build /home/za/Codes/zzros/build/model_config -- -j8 -l8
[0.423s] Invoked command in '/home/za/Codes/zzros/build/model_config' returned '0': CMAKE_PREFIX_PATH=${CMAKE_PREFIX_PATH}:/opt/ros/jazzy CONDA_PROMPT_MODIFIER=(ros) DEBUGINFOD_URLS=https://debuginfod.ubuntu.com /usr/bin/cmake --build /home/za/Codes/zzros/build/model_config -- -j8 -l8
[0.429s] Invoking command in '/home/za/Codes/zzros/build/model_config': CMAKE_PREFIX_PATH=${CMAKE_PREFIX_PATH}:/opt/ros/jazzy CONDA_PROMPT_MODIFIER=(ros) DEBUGINFOD_URLS=https://debuginfod.ubuntu.com /usr/bin/cmake --install /home/za/Codes/zzros/build/model_config
[0.434s] -- Install configuration: ""
[0.434s] -- Installing: /home/za/Codes/zzros/install/model_config/share/model_config/urdf
[0.434s] -- Installing: /home/za/Codes/zzros/install/model_config/share/model_config/urdf/robot.xacro
[0.434s] -- Installing: /home/za/Codes/zzros/install/model_config/share/model_config/urdf/robot_temp.urdf
[0.434s] -- Installing: /home/za/Codes/zzros/install/model_config/share/model_config/urdf/ros2_control.xacro
[0.434s] -- Installing: /home/za/Codes/zzros/install/model_config/share/model_config/meshes
[0.434s] -- Installing: /home/za/Codes/zzros/install/model_config/share/model_config/meshes/Link6.STL
[0.435s] -- Installing: /home/za/Codes/zzros/install/model_config/share/model_config/meshes/Link4.STL
[0.435s] -- Installing: /home/za/Codes/zzros/install/model_config/share/model_config/meshes/Link7.STL
[0.435s] -- Installing: /home/za/Codes/zzros/install/model_config/share/model_config/meshes/Link5.STL
[0.436s] -- Installing: /home/za/Codes/zzros/install/model_config/share/model_config/meshes/Link8.STL
[0.436s] -- Installing: /home/za/Codes/zzros/install/model_config/share/model_config/meshes/Link2.STL
[0.521s] -- Installing: /home/za/Codes/zzros/install/model_config/share/model_config/meshes/Link1.STL
[0.522s] -- Installing: /home/za/Codes/zzros/install/model_config/share/model_config/meshes/base_link.STL
[0.522s] -- Installing: /home/za/Codes/zzros/install/model_config/share/model_config/meshes/Link3.STL
[0.523s] -- Installing: /home/za/Codes/zzros/install/model_config/share/model_config/launch
[0.523s] -- Installing: /home/za/Codes/zzros/install/model_config/share/model_config/launch/display.model.launch.py
[0.523s] -- Installing: /home/za/Codes/zzros/install/model_config/share/model_config/configs
[0.523s] -- Installing: /home/za/Codes/zzros/install/model_config/share/model_config/configs/robot_rviz_config.rviz
[0.523s] -- Installing: /home/za/Codes/zzros/install/model_config/share/model_config/configs/ros2_controller.yaml
[0.523s] -- Installing: /home/za/Codes/zzros/install/model_config/share/ament_index/resource_index/package_run_dependencies/model_config
[0.523s] -- Installing: /home/za/Codes/zzros/install/model_config/share/ament_index/resource_index/parent_prefix_path/model_config
[0.524s] -- Installing: /home/za/Codes/zzros/install/model_config/share/model_config/environment/ament_prefix_path.sh
[0.524s] -- Installing: /home/za/Codes/zzros/install/model_config/share/model_config/environment/ament_prefix_path.dsv
[0.524s] -- Installing: /home/za/Codes/zzros/install/model_config/share/model_config/environment/path.sh
[0.524s] -- Installing: /home/za/Codes/zzros/install/model_config/share/model_config/environment/path.dsv
[0.524s] -- Installing: /home/za/Codes/zzros/install/model_config/share/model_config/local_setup.bash
[0.524s] -- Installing: /home/za/Codes/zzros/install/model_config/share/model_config/local_setup.sh
[0.524s] -- Installing: /home/za/Codes/zzros/install/model_config/share/model_config/local_setup.zsh
[0.524s] -- Installing: /home/za/Codes/zzros/install/model_config/share/model_config/local_setup.dsv
[0.524s] -- Installing: /home/za/Codes/zzros/install/model_config/share/model_config/package.dsv
[0.524s] -- Installing: /home/za/Codes/zzros/install/model_config/share/ament_index/resource_index/packages/model_config
[0.524s] -- Installing: /home/za/Codes/zzros/install/model_config/share/model_config/cmake/model_configConfig.cmake
[0.524s] -- Installing: /home/za/Codes/zzros/install/model_config/share/model_config/cmake/model_configConfig-version.cmake
[0.524s] -- Installing: /home/za/Codes/zzros/install/model_config/share/model_config/package.xml
[0.525s] Invoked command in '/home/za/Codes/zzros/build/model_config' returned '0': CMAKE_PREFIX_PATH=${CMAKE_PREFIX_PATH}:/opt/ros/jazzy CONDA_PROMPT_MODIFIER=(ros) DEBUGINFOD_URLS=https://debuginfod.ubuntu.com /usr/bin/cmake --install /home/za/Codes/zzros/build/model_config
