[0.555s] Invoking command in '/home/za/Codes/zzros/src/core': CONDA_PROMPT_MODIFIER=(ros) DEBUGINFOD_URLS=https://debuginfod.ubuntu.com PYTHONPATH=/home/za/Codes/zzros/build/core/prefix_override:/usr/lib/python3/dist-packages/colcon_core/task/python/colcon_distutils_commands:/home/za/Codes/zzros/install/core/lib/python3.12/site-packages:${PYTHONPATH} /usr/bin/python3 -W ignore:setup.py install is deprecated -W ignore:easy_install command is deprecated setup.py egg_info --egg-base ../../build/core build --build-base /home/za/Codes/zzros/build/core/build install --record /home/za/Codes/zzros/build/core/install.log --single-version-externally-managed install_data
[0.688s] running egg_info
[0.697s] writing ../../build/core/core.egg-info/PKG-INFO
[0.698s] writing dependency_links to ../../build/core/core.egg-info/dependency_links.txt
[0.698s] writing requirements to ../../build/core/core.egg-info/requires.txt
[0.698s] writing top-level names to ../../build/core/core.egg-info/top_level.txt
[0.717s] reading manifest file '../../build/core/core.egg-info/SOURCES.txt'
[0.717s] adding license file 'LICENSE'
[0.717s] writing manifest file '../../build/core/core.egg-info/SOURCES.txt'
[0.718s] running build
[0.718s] running build_py
[0.718s] copying core/kinematic/base.py -> /home/za/Codes/zzros/build/core/build/lib/core/kinematic
[0.718s] copying core/kinematic/kinematic_6dof.py -> /home/za/Codes/zzros/build/core/build/lib/core/kinematic
[0.718s] running install
[0.722s] running install_lib
[0.731s] copying /home/za/Codes/zzros/build/core/build/lib/core/kinematic/base.py -> /home/za/Codes/zzros/install/core/lib/python3.12/site-packages/core/kinematic
[0.731s] copying /home/za/Codes/zzros/build/core/build/lib/core/kinematic/kinematic_6dof.py -> /home/za/Codes/zzros/install/core/lib/python3.12/site-packages/core/kinematic
[0.732s] byte-compiling /home/za/Codes/zzros/install/core/lib/python3.12/site-packages/core/kinematic/base.py to base.cpython-312.pyc
[0.732s] byte-compiling /home/za/Codes/zzros/install/core/lib/python3.12/site-packages/core/kinematic/kinematic_6dof.py to kinematic_6dof.cpython-312.pyc
[0.733s] running install_data
[0.734s] running install_egg_info
[0.743s] removing '/home/za/Codes/zzros/install/core/lib/python3.12/site-packages/core-0.0.0-py3.12.egg-info' (and everything under it)
[0.743s] Copying ../../build/core/core.egg-info to /home/za/Codes/zzros/install/core/lib/python3.12/site-packages/core-0.0.0-py3.12.egg-info
[0.744s] running install_scripts
[0.806s] writing list of installed files to '/home/za/Codes/zzros/build/core/install.log'
[0.828s] Invoked command in '/home/za/Codes/zzros/src/core' returned '0': CONDA_PROMPT_MODIFIER=(ros) DEBUGINFOD_URLS=https://debuginfod.ubuntu.com PYTHONPATH=/home/za/Codes/zzros/build/core/prefix_override:/usr/lib/python3/dist-packages/colcon_core/task/python/colcon_distutils_commands:/home/za/Codes/zzros/install/core/lib/python3.12/site-packages:${PYTHONPATH} /usr/bin/python3 -W ignore:setup.py install is deprecated -W ignore:easy_install command is deprecated setup.py egg_info --egg-base ../../build/core build --build-base /home/za/Codes/zzros/build/core/build install --record /home/za/Codes/zzros/build/core/install.log --single-version-externally-managed install_data
