running egg_info
creating ../../../build/joint_state_pub/joint_state_pub.egg-info
writing ../../../build/joint_state_pub/joint_state_pub.egg-info/PKG-INFO
writing dependency_links to ../../../build/joint_state_pub/joint_state_pub.egg-info/dependency_links.txt
writing entry points to ../../../build/joint_state_pub/joint_state_pub.egg-info/entry_points.txt
writing requirements to ../../../build/joint_state_pub/joint_state_pub.egg-info/requires.txt
writing top-level names to ../../../build/joint_state_pub/joint_state_pub.egg-info/top_level.txt
writing manifest file '../../../build/joint_state_pub/joint_state_pub.egg-info/SOURCES.txt'
reading manifest file '../../../build/joint_state_pub/joint_state_pub.egg-info/SOURCES.txt'
adding license file 'LICENSE'
writing manifest file '../../../build/joint_state_pub/joint_state_pub.egg-info/SOURCES.txt'
running build
running build_py
creating /home/za/Codes/zzros/build/joint_state_pub/build
creating /home/za/Codes/zzros/build/joint_state_pub/build/lib
creating /home/za/Codes/zzros/build/joint_state_pub/build/lib/joint_state_pub
copying joint_state_pub/joint_state_pub.py -> /home/za/Codes/zzros/build/joint_state_pub/build/lib/joint_state_pub
copying joint_state_pub/__init__.py -> /home/za/Codes/zzros/build/joint_state_pub/build/lib/joint_state_pub
running install
running install_lib
creating /home/za/Codes/zzros/install/joint_state_pub/lib/python3.12/site-packages/joint_state_pub
copying /home/za/Codes/zzros/build/joint_state_pub/build/lib/joint_state_pub/joint_state_pub.py -> /home/za/Codes/zzros/install/joint_state_pub/lib/python3.12/site-packages/joint_state_pub
copying /home/za/Codes/zzros/build/joint_state_pub/build/lib/joint_state_pub/__init__.py -> /home/za/Codes/zzros/install/joint_state_pub/lib/python3.12/site-packages/joint_state_pub
byte-compiling /home/za/Codes/zzros/install/joint_state_pub/lib/python3.12/site-packages/joint_state_pub/joint_state_pub.py to joint_state_pub.cpython-312.pyc
byte-compiling /home/za/Codes/zzros/install/joint_state_pub/lib/python3.12/site-packages/joint_state_pub/__init__.py to __init__.cpython-312.pyc
running install_data
creating /home/za/Codes/zzros/install/joint_state_pub/share/ament_index
creating /home/za/Codes/zzros/install/joint_state_pub/share/ament_index/resource_index
creating /home/za/Codes/zzros/install/joint_state_pub/share/ament_index/resource_index/packages
copying resource/joint_state_pub -> /home/za/Codes/zzros/install/joint_state_pub/share/ament_index/resource_index/packages
copying package.xml -> /home/za/Codes/zzros/install/joint_state_pub/share/joint_state_pub
running install_egg_info
Copying ../../../build/joint_state_pub/joint_state_pub.egg-info to /home/za/Codes/zzros/install/joint_state_pub/lib/python3.12/site-packages/joint_state_pub-0.0.0-py3.12.egg-info
running install_scripts
Installing joint_state_pub script to /home/za/Codes/zzros/install/joint_state_pub/lib/joint_state_pub
writing list of installed files to '/home/za/Codes/zzros/build/joint_state_pub/install.log'
