[0.055s] DEBUG:colcon:Command line arguments: ['/usr/bin/colcon', 'build']
[0.055s] DEBUG:colcon:Parsed command line arguments: Namespace(log_base=None, log_level=None, verb_name='build', build_base='build', install_base='install', merge_install=False, symlink_install=False, test_result_base=None, continue_on_error=False, executor='parallel', parallel_workers=8, event_handlers=None, ignore_user_meta=False, metas=['./colcon.meta'], base_paths=['.'], packages_ignore=None, packages_ignore_regex=None, paths=None, packages_up_to=None, packages_up_to_regex=None, packages_above=None, packages_above_and_dependencies=None, packages_above_depth=None, packages_select_by_dep=None, packages_skip_by_dep=None, packages_skip_up_to=None, packages_select_build_failed=False, packages_skip_build_finished=False, packages_select_test_failures=False, packages_skip_test_passed=False, packages_select=None, packages_skip=None, packages_select_regex=None, packages_skip_regex=None, packages_start=None, packages_end=None, cmake_args=None, cmake_target=None, cmake_target_skip_unavailable=False, cmake_clean_cache=False, cmake_clean_first=False, cmake_force_configure=False, ament_cmake_args=None, catkin_cmake_args=None, catkin_skip_building_tests=False, verb_parser=<colcon_defaults.argument_parser.defaults.DefaultArgumentsDecorator object at 0x71c7d7124170>, verb_extension=<colcon_core.verb.build.BuildVerb object at 0x71c7d7254aa0>, main=<bound method BuildVerb.main of <colcon_core.verb.build.BuildVerb object at 0x71c7d7254aa0>>)
[0.079s] Level 1:colcon.colcon_core.package_discovery:discover_packages(colcon_meta) check parameters
[0.079s] Level 1:colcon.colcon_core.package_discovery:discover_packages(recursive) check parameters
[0.079s] Level 1:colcon.colcon_core.package_discovery:discover_packages(ignore) check parameters
[0.079s] Level 1:colcon.colcon_core.package_discovery:discover_packages(path) check parameters
[0.079s] Level 1:colcon.colcon_core.package_discovery:discover_packages(colcon_meta) discover
[0.079s] Level 1:colcon.colcon_core.package_discovery:discover_packages(recursive) discover
[0.079s] INFO:colcon.colcon_core.package_discovery:Crawling recursively for packages in '/home/za/Codes/zzros'
[0.079s] Level 1:colcon.colcon_core.package_identification:_identify(.) by extensions ['ignore', 'ignore_ament_install']
[0.079s] Level 1:colcon.colcon_core.package_identification:_identify(.) by extension 'ignore'
[0.079s] Level 1:colcon.colcon_core.package_identification:_identify(.) by extension 'ignore_ament_install'
[0.079s] Level 1:colcon.colcon_core.package_identification:_identify(.) by extensions ['colcon_pkg']
[0.079s] Level 1:colcon.colcon_core.package_identification:_identify(.) by extension 'colcon_pkg'
[0.079s] Level 1:colcon.colcon_core.package_identification:_identify(.) by extensions ['colcon_meta']
[0.079s] Level 1:colcon.colcon_core.package_identification:_identify(.) by extension 'colcon_meta'
[0.079s] Level 1:colcon.colcon_core.package_identification:_identify(.) by extensions ['ros']
[0.079s] Level 1:colcon.colcon_core.package_identification:_identify(.) by extension 'ros'
[0.094s] Level 1:colcon.colcon_core.package_identification:_identify(.) by extensions ['cmake', 'python']
[0.094s] Level 1:colcon.colcon_core.package_identification:_identify(.) by extension 'cmake'
[0.094s] Level 1:colcon.colcon_core.package_identification:_identify(.) by extension 'python'
[0.094s] Level 1:colcon.colcon_core.package_identification:_identify(.) by extensions ['python_setup_py']
[0.094s] Level 1:colcon.colcon_core.package_identification:_identify(.) by extension 'python_setup_py'
[0.094s] Level 1:colcon.colcon_core.package_identification:_identify(build) by extensions ['ignore', 'ignore_ament_install']
[0.094s] Level 1:colcon.colcon_core.package_identification:_identify(build) by extension 'ignore'
[0.094s] Level 1:colcon.colcon_core.package_identification:_identify(build) ignored
[0.094s] Level 1:colcon.colcon_core.package_identification:_identify(install) by extensions ['ignore', 'ignore_ament_install']
[0.094s] Level 1:colcon.colcon_core.package_identification:_identify(install) by extension 'ignore'
[0.094s] Level 1:colcon.colcon_core.package_identification:_identify(install) ignored
[0.094s] Level 1:colcon.colcon_core.package_identification:_identify(log) by extensions ['ignore', 'ignore_ament_install']
[0.095s] Level 1:colcon.colcon_core.package_identification:_identify(log) by extension 'ignore'
[0.095s] Level 1:colcon.colcon_core.package_identification:_identify(log) ignored
[0.095s] Level 1:colcon.colcon_core.package_identification:_identify(src) by extensions ['ignore', 'ignore_ament_install']
[0.095s] Level 1:colcon.colcon_core.package_identification:_identify(src) by extension 'ignore'
[0.095s] Level 1:colcon.colcon_core.package_identification:_identify(src) by extension 'ignore_ament_install'
[0.095s] Level 1:colcon.colcon_core.package_identification:_identify(src) by extensions ['colcon_pkg']
[0.095s] Level 1:colcon.colcon_core.package_identification:_identify(src) by extension 'colcon_pkg'
[0.095s] Level 1:colcon.colcon_core.package_identification:_identify(src) by extensions ['colcon_meta']
[0.095s] Level 1:colcon.colcon_core.package_identification:_identify(src) by extension 'colcon_meta'
[0.095s] Level 1:colcon.colcon_core.package_identification:_identify(src) by extensions ['ros']
[0.095s] Level 1:colcon.colcon_core.package_identification:_identify(src) by extension 'ros'
[0.095s] Level 1:colcon.colcon_core.package_identification:_identify(src) by extensions ['cmake', 'python']
[0.095s] Level 1:colcon.colcon_core.package_identification:_identify(src) by extension 'cmake'
[0.095s] Level 1:colcon.colcon_core.package_identification:_identify(src) by extension 'python'
[0.095s] Level 1:colcon.colcon_core.package_identification:_identify(src) by extensions ['python_setup_py']
[0.095s] Level 1:colcon.colcon_core.package_identification:_identify(src) by extension 'python_setup_py'
[0.095s] Level 1:colcon.colcon_core.package_identification:_identify(src/core) by extensions ['ignore', 'ignore_ament_install']
[0.095s] Level 1:colcon.colcon_core.package_identification:_identify(src/core) by extension 'ignore'
[0.095s] Level 1:colcon.colcon_core.package_identification:_identify(src/core) by extension 'ignore_ament_install'
[0.095s] Level 1:colcon.colcon_core.package_identification:_identify(src/core) by extensions ['colcon_pkg']
[0.095s] Level 1:colcon.colcon_core.package_identification:_identify(src/core) by extension 'colcon_pkg'
[0.095s] Level 1:colcon.colcon_core.package_identification:_identify(src/core) by extensions ['colcon_meta']
[0.095s] Level 1:colcon.colcon_core.package_identification:_identify(src/core) by extension 'colcon_meta'
[0.095s] Level 1:colcon.colcon_core.package_identification:_identify(src/core) by extensions ['ros']
[0.095s] Level 1:colcon.colcon_core.package_identification:_identify(src/core) by extension 'ros'
[0.095s] Level 1:colcon.colcon_core.package_identification:_identify(src/core) by extensions ['cmake', 'python']
[0.095s] Level 1:colcon.colcon_core.package_identification:_identify(src/core) by extension 'cmake'
[0.095s] Level 1:colcon.colcon_core.package_identification:_identify(src/core) by extension 'python'
[0.095s] Level 1:colcon.colcon_core.package_identification:_identify(src/core) by extensions ['python_setup_py']
[0.095s] Level 1:colcon.colcon_core.package_identification:_identify(src/core) by extension 'python_setup_py'
[0.095s] Level 1:colcon.colcon_core.package_identification:_identify(src/core/__pycache__) by extensions ['ignore', 'ignore_ament_install']
[0.095s] Level 1:colcon.colcon_core.package_identification:_identify(src/core/__pycache__) by extension 'ignore'
[0.095s] Level 1:colcon.colcon_core.package_identification:_identify(src/core/__pycache__) by extension 'ignore_ament_install'
[0.095s] Level 1:colcon.colcon_core.package_identification:_identify(src/core/__pycache__) by extensions ['colcon_pkg']
[0.095s] Level 1:colcon.colcon_core.package_identification:_identify(src/core/__pycache__) by extension 'colcon_pkg'
[0.095s] Level 1:colcon.colcon_core.package_identification:_identify(src/core/__pycache__) by extensions ['colcon_meta']
[0.095s] Level 1:colcon.colcon_core.package_identification:_identify(src/core/__pycache__) by extension 'colcon_meta'
[0.095s] Level 1:colcon.colcon_core.package_identification:_identify(src/core/__pycache__) by extensions ['ros']
[0.095s] Level 1:colcon.colcon_core.package_identification:_identify(src/core/__pycache__) by extension 'ros'
[0.095s] Level 1:colcon.colcon_core.package_identification:_identify(src/core/__pycache__) by extensions ['cmake', 'python']
[0.095s] Level 1:colcon.colcon_core.package_identification:_identify(src/core/__pycache__) by extension 'cmake'
[0.095s] Level 1:colcon.colcon_core.package_identification:_identify(src/core/__pycache__) by extension 'python'
[0.095s] Level 1:colcon.colcon_core.package_identification:_identify(src/core/__pycache__) by extensions ['python_setup_py']
[0.095s] Level 1:colcon.colcon_core.package_identification:_identify(src/core/__pycache__) by extension 'python_setup_py'
[0.096s] Level 1:colcon.colcon_core.package_identification:_identify(src/core/gui) by extensions ['ignore', 'ignore_ament_install']
[0.096s] Level 1:colcon.colcon_core.package_identification:_identify(src/core/gui) by extension 'ignore'
[0.096s] Level 1:colcon.colcon_core.package_identification:_identify(src/core/gui) by extension 'ignore_ament_install'
[0.096s] Level 1:colcon.colcon_core.package_identification:_identify(src/core/gui) by extensions ['colcon_pkg']
[0.096s] Level 1:colcon.colcon_core.package_identification:_identify(src/core/gui) by extension 'colcon_pkg'
[0.096s] Level 1:colcon.colcon_core.package_identification:_identify(src/core/gui) by extensions ['colcon_meta']
[0.096s] Level 1:colcon.colcon_core.package_identification:_identify(src/core/gui) by extension 'colcon_meta'
[0.096s] Level 1:colcon.colcon_core.package_identification:_identify(src/core/gui) by extensions ['ros']
[0.096s] Level 1:colcon.colcon_core.package_identification:_identify(src/core/gui) by extension 'ros'
[0.096s] Level 1:colcon.colcon_core.package_identification:_identify(src/core/gui) by extensions ['cmake', 'python']
[0.096s] Level 1:colcon.colcon_core.package_identification:_identify(src/core/gui) by extension 'cmake'
[0.096s] Level 1:colcon.colcon_core.package_identification:_identify(src/core/gui) by extension 'python'
[0.096s] Level 1:colcon.colcon_core.package_identification:_identify(src/core/gui) by extensions ['python_setup_py']
[0.096s] Level 1:colcon.colcon_core.package_identification:_identify(src/core/gui) by extension 'python_setup_py'
[0.096s] Level 1:colcon.colcon_core.package_identification:_identify(src/core/kinematic) by extensions ['ignore', 'ignore_ament_install']
[0.096s] Level 1:colcon.colcon_core.package_identification:_identify(src/core/kinematic) by extension 'ignore'
[0.096s] Level 1:colcon.colcon_core.package_identification:_identify(src/core/kinematic) by extension 'ignore_ament_install'
[0.096s] Level 1:colcon.colcon_core.package_identification:_identify(src/core/kinematic) by extensions ['colcon_pkg']
[0.096s] Level 1:colcon.colcon_core.package_identification:_identify(src/core/kinematic) by extension 'colcon_pkg'
[0.096s] Level 1:colcon.colcon_core.package_identification:_identify(src/core/kinematic) by extensions ['colcon_meta']
[0.096s] Level 1:colcon.colcon_core.package_identification:_identify(src/core/kinematic) by extension 'colcon_meta'
[0.096s] Level 1:colcon.colcon_core.package_identification:_identify(src/core/kinematic) by extensions ['ros']
[0.096s] Level 1:colcon.colcon_core.package_identification:_identify(src/core/kinematic) by extension 'ros'
[0.096s] Level 1:colcon.colcon_core.package_identification:_identify(src/core/kinematic) by extensions ['cmake', 'python']
[0.096s] Level 1:colcon.colcon_core.package_identification:_identify(src/core/kinematic) by extension 'cmake'
[0.096s] Level 1:colcon.colcon_core.package_identification:_identify(src/core/kinematic) by extension 'python'
[0.096s] Level 1:colcon.colcon_core.package_identification:_identify(src/core/kinematic) by extensions ['python_setup_py']
[0.096s] Level 1:colcon.colcon_core.package_identification:_identify(src/core/kinematic) by extension 'python_setup_py'
[0.096s] Level 1:colcon.colcon_core.package_identification:_identify(src/core/kinematic/__pycache__) by extensions ['ignore', 'ignore_ament_install']
[0.096s] Level 1:colcon.colcon_core.package_identification:_identify(src/core/kinematic/__pycache__) by extension 'ignore'
[0.096s] Level 1:colcon.colcon_core.package_identification:_identify(src/core/kinematic/__pycache__) by extension 'ignore_ament_install'
[0.096s] Level 1:colcon.colcon_core.package_identification:_identify(src/core/kinematic/__pycache__) by extensions ['colcon_pkg']
[0.096s] Level 1:colcon.colcon_core.package_identification:_identify(src/core/kinematic/__pycache__) by extension 'colcon_pkg'
[0.096s] Level 1:colcon.colcon_core.package_identification:_identify(src/core/kinematic/__pycache__) by extensions ['colcon_meta']
[0.096s] Level 1:colcon.colcon_core.package_identification:_identify(src/core/kinematic/__pycache__) by extension 'colcon_meta'
[0.096s] Level 1:colcon.colcon_core.package_identification:_identify(src/core/kinematic/__pycache__) by extensions ['ros']
[0.096s] Level 1:colcon.colcon_core.package_identification:_identify(src/core/kinematic/__pycache__) by extension 'ros'
[0.096s] Level 1:colcon.colcon_core.package_identification:_identify(src/core/kinematic/__pycache__) by extensions ['cmake', 'python']
[0.096s] Level 1:colcon.colcon_core.package_identification:_identify(src/core/kinematic/__pycache__) by extension 'cmake'
[0.096s] Level 1:colcon.colcon_core.package_identification:_identify(src/core/kinematic/__pycache__) by extension 'python'
[0.097s] Level 1:colcon.colcon_core.package_identification:_identify(src/core/kinematic/__pycache__) by extensions ['python_setup_py']
[0.097s] Level 1:colcon.colcon_core.package_identification:_identify(src/core/kinematic/__pycache__) by extension 'python_setup_py'
[0.097s] Level 1:colcon.colcon_core.package_identification:_identify(src/core/vis) by extensions ['ignore', 'ignore_ament_install']
[0.097s] Level 1:colcon.colcon_core.package_identification:_identify(src/core/vis) by extension 'ignore'
[0.097s] Level 1:colcon.colcon_core.package_identification:_identify(src/core/vis) by extension 'ignore_ament_install'
[0.097s] Level 1:colcon.colcon_core.package_identification:_identify(src/core/vis) by extensions ['colcon_pkg']
[0.097s] Level 1:colcon.colcon_core.package_identification:_identify(src/core/vis) by extension 'colcon_pkg'
[0.097s] Level 1:colcon.colcon_core.package_identification:_identify(src/core/vis) by extensions ['colcon_meta']
[0.097s] Level 1:colcon.colcon_core.package_identification:_identify(src/core/vis) by extension 'colcon_meta'
[0.097s] Level 1:colcon.colcon_core.package_identification:_identify(src/core/vis) by extensions ['ros']
[0.097s] Level 1:colcon.colcon_core.package_identification:_identify(src/core/vis) by extension 'ros'
[0.097s] Level 1:colcon.colcon_core.package_identification:_identify(src/core/vis) by extensions ['cmake', 'python']
[0.097s] Level 1:colcon.colcon_core.package_identification:_identify(src/core/vis) by extension 'cmake'
[0.097s] Level 1:colcon.colcon_core.package_identification:_identify(src/core/vis) by extension 'python'
[0.097s] Level 1:colcon.colcon_core.package_identification:_identify(src/core/vis) by extensions ['python_setup_py']
[0.097s] Level 1:colcon.colcon_core.package_identification:_identify(src/core/vis) by extension 'python_setup_py'
[0.097s] Level 1:colcon.colcon_core.package_identification:_identify(src/core/vis/__pycache__) by extensions ['ignore', 'ignore_ament_install']
[0.097s] Level 1:colcon.colcon_core.package_identification:_identify(src/core/vis/__pycache__) by extension 'ignore'
[0.097s] Level 1:colcon.colcon_core.package_identification:_identify(src/core/vis/__pycache__) by extension 'ignore_ament_install'
[0.097s] Level 1:colcon.colcon_core.package_identification:_identify(src/core/vis/__pycache__) by extensions ['colcon_pkg']
[0.097s] Level 1:colcon.colcon_core.package_identification:_identify(src/core/vis/__pycache__) by extension 'colcon_pkg'
[0.097s] Level 1:colcon.colcon_core.package_identification:_identify(src/core/vis/__pycache__) by extensions ['colcon_meta']
[0.097s] Level 1:colcon.colcon_core.package_identification:_identify(src/core/vis/__pycache__) by extension 'colcon_meta'
[0.097s] Level 1:colcon.colcon_core.package_identification:_identify(src/core/vis/__pycache__) by extensions ['ros']
[0.097s] Level 1:colcon.colcon_core.package_identification:_identify(src/core/vis/__pycache__) by extension 'ros'
[0.097s] Level 1:colcon.colcon_core.package_identification:_identify(src/core/vis/__pycache__) by extensions ['cmake', 'python']
[0.097s] Level 1:colcon.colcon_core.package_identification:_identify(src/core/vis/__pycache__) by extension 'cmake'
[0.097s] Level 1:colcon.colcon_core.package_identification:_identify(src/core/vis/__pycache__) by extension 'python'
[0.097s] Level 1:colcon.colcon_core.package_identification:_identify(src/core/vis/__pycache__) by extensions ['python_setup_py']
[0.097s] Level 1:colcon.colcon_core.package_identification:_identify(src/core/vis/__pycache__) by extension 'python_setup_py'
[0.097s] Level 1:colcon.colcon_core.package_identification:_identify(src/model_config) by extensions ['ignore', 'ignore_ament_install']
[0.097s] Level 1:colcon.colcon_core.package_identification:_identify(src/model_config) by extension 'ignore'
[0.097s] Level 1:colcon.colcon_core.package_identification:_identify(src/model_config) by extension 'ignore_ament_install'
[0.097s] Level 1:colcon.colcon_core.package_identification:_identify(src/model_config) by extensions ['colcon_pkg']
[0.097s] Level 1:colcon.colcon_core.package_identification:_identify(src/model_config) by extension 'colcon_pkg'
[0.097s] Level 1:colcon.colcon_core.package_identification:_identify(src/model_config) by extensions ['colcon_meta']
[0.097s] Level 1:colcon.colcon_core.package_identification:_identify(src/model_config) by extension 'colcon_meta'
[0.097s] Level 1:colcon.colcon_core.package_identification:_identify(src/model_config) by extensions ['ros']
[0.097s] Level 1:colcon.colcon_core.package_identification:_identify(src/model_config) by extension 'ros'
[0.099s] DEBUG:colcon.colcon_core.package_identification:Package 'src/model_config' with type 'ros.ament_cmake' and name 'model_config'
[0.099s] Level 1:colcon.colcon_core.package_identification:_identify(src/state_transformer) by extensions ['ignore', 'ignore_ament_install']
[0.099s] Level 1:colcon.colcon_core.package_identification:_identify(src/state_transformer) by extension 'ignore'
[0.099s] Level 1:colcon.colcon_core.package_identification:_identify(src/state_transformer) by extension 'ignore_ament_install'
[0.099s] Level 1:colcon.colcon_core.package_identification:_identify(src/state_transformer) by extensions ['colcon_pkg']
[0.099s] Level 1:colcon.colcon_core.package_identification:_identify(src/state_transformer) by extension 'colcon_pkg'
[0.099s] Level 1:colcon.colcon_core.package_identification:_identify(src/state_transformer) by extensions ['colcon_meta']
[0.099s] Level 1:colcon.colcon_core.package_identification:_identify(src/state_transformer) by extension 'colcon_meta'
[0.099s] Level 1:colcon.colcon_core.package_identification:_identify(src/state_transformer) by extensions ['ros']
[0.099s] Level 1:colcon.colcon_core.package_identification:_identify(src/state_transformer) by extension 'ros'
[0.099s] Level 1:colcon.colcon_core.package_identification:_identify(src/state_transformer) by extensions ['cmake', 'python']
[0.099s] Level 1:colcon.colcon_core.package_identification:_identify(src/state_transformer) by extension 'cmake'
[0.099s] Level 1:colcon.colcon_core.package_identification:_identify(src/state_transformer) by extension 'python'
[0.099s] Level 1:colcon.colcon_core.package_identification:_identify(src/state_transformer) by extensions ['python_setup_py']
[0.099s] Level 1:colcon.colcon_core.package_identification:_identify(src/state_transformer) by extension 'python_setup_py'
[0.099s] Level 1:colcon.colcon_core.package_identification:_identify(src/state_transformer/joint_state_pub) by extensions ['ignore', 'ignore_ament_install']
[0.099s] Level 1:colcon.colcon_core.package_identification:_identify(src/state_transformer/joint_state_pub) by extension 'ignore'
[0.099s] Level 1:colcon.colcon_core.package_identification:_identify(src/state_transformer/joint_state_pub) by extension 'ignore_ament_install'
[0.100s] Level 1:colcon.colcon_core.package_identification:_identify(src/state_transformer/joint_state_pub) by extensions ['colcon_pkg']
[0.100s] Level 1:colcon.colcon_core.package_identification:_identify(src/state_transformer/joint_state_pub) by extension 'colcon_pkg'
[0.100s] Level 1:colcon.colcon_core.package_identification:_identify(src/state_transformer/joint_state_pub) by extensions ['colcon_meta']
[0.100s] Level 1:colcon.colcon_core.package_identification:_identify(src/state_transformer/joint_state_pub) by extension 'colcon_meta'
[0.100s] Level 1:colcon.colcon_core.package_identification:_identify(src/state_transformer/joint_state_pub) by extensions ['ros']
[0.100s] Level 1:colcon.colcon_core.package_identification:_identify(src/state_transformer/joint_state_pub) by extension 'ros'
[0.100s] DEBUG:colcon.colcon_core.package_identification:Package 'src/state_transformer/joint_state_pub' with type 'ros.ament_python' and name 'joint_state_pub'
[0.100s] Level 1:colcon.colcon_core.package_identification:_identify(src/test) by extensions ['ignore', 'ignore_ament_install']
[0.100s] Level 1:colcon.colcon_core.package_identification:_identify(src/test) by extension 'ignore'
[0.100s] Level 1:colcon.colcon_core.package_identification:_identify(src/test) by extension 'ignore_ament_install'
[0.100s] Level 1:colcon.colcon_core.package_identification:_identify(src/test) by extensions ['colcon_pkg']
[0.100s] Level 1:colcon.colcon_core.package_identification:_identify(src/test) by extension 'colcon_pkg'
[0.100s] Level 1:colcon.colcon_core.package_identification:_identify(src/test) by extensions ['colcon_meta']
[0.100s] Level 1:colcon.colcon_core.package_identification:_identify(src/test) by extension 'colcon_meta'
[0.101s] Level 1:colcon.colcon_core.package_identification:_identify(src/test) by extensions ['ros']
[0.101s] Level 1:colcon.colcon_core.package_identification:_identify(src/test) by extension 'ros'
[0.101s] Level 1:colcon.colcon_core.package_identification:_identify(src/test) by extensions ['cmake', 'python']
[0.101s] Level 1:colcon.colcon_core.package_identification:_identify(src/test) by extension 'cmake'
[0.101s] Level 1:colcon.colcon_core.package_identification:_identify(src/test) by extension 'python'
[0.101s] Level 1:colcon.colcon_core.package_identification:_identify(src/test) by extensions ['python_setup_py']
[0.101s] Level 1:colcon.colcon_core.package_identification:_identify(src/test) by extension 'python_setup_py'
[0.101s] Level 1:colcon.colcon_core.package_discovery:discover_packages(recursive) using defaults
[0.101s] Level 1:colcon.colcon_core.package_discovery:discover_packages(ignore) discover
[0.101s] Level 1:colcon.colcon_core.package_discovery:discover_packages(ignore) using defaults
[0.101s] Level 1:colcon.colcon_core.package_discovery:discover_packages(path) discover
[0.101s] Level 1:colcon.colcon_core.package_discovery:discover_packages(path) using defaults
[0.120s] Level 5:colcon.colcon_core.verb:set package 'joint_state_pub' build argument 'cmake_args' from command line to 'None'
[0.120s] Level 5:colcon.colcon_core.verb:set package 'joint_state_pub' build argument 'cmake_target' from command line to 'None'
[0.120s] Level 5:colcon.colcon_core.verb:set package 'joint_state_pub' build argument 'cmake_target_skip_unavailable' from command line to 'False'
[0.120s] Level 5:colcon.colcon_core.verb:set package 'joint_state_pub' build argument 'cmake_clean_cache' from command line to 'False'
[0.120s] Level 5:colcon.colcon_core.verb:set package 'joint_state_pub' build argument 'cmake_clean_first' from command line to 'False'
[0.120s] Level 5:colcon.colcon_core.verb:set package 'joint_state_pub' build argument 'cmake_force_configure' from command line to 'False'
[0.120s] Level 5:colcon.colcon_core.verb:set package 'joint_state_pub' build argument 'ament_cmake_args' from command line to 'None'
[0.121s] Level 5:colcon.colcon_core.verb:set package 'joint_state_pub' build argument 'catkin_cmake_args' from command line to 'None'
[0.121s] Level 5:colcon.colcon_core.verb:set package 'joint_state_pub' build argument 'catkin_skip_building_tests' from command line to 'False'
[0.121s] DEBUG:colcon.colcon_core.verb:Building package 'joint_state_pub' with the following arguments: {'ament_cmake_args': None, 'build_base': '/home/za/Codes/zzros/build/joint_state_pub', 'catkin_cmake_args': None, 'catkin_skip_building_tests': False, 'cmake_args': None, 'cmake_clean_cache': False, 'cmake_clean_first': False, 'cmake_force_configure': False, 'cmake_target': None, 'cmake_target_skip_unavailable': False, 'install_base': '/home/za/Codes/zzros/install/joint_state_pub', 'merge_install': False, 'path': '/home/za/Codes/zzros/src/state_transformer/joint_state_pub', 'symlink_install': False, 'test_result_base': None}
[0.121s] Level 5:colcon.colcon_core.verb:set package 'model_config' build argument 'cmake_args' from command line to 'None'
[0.121s] Level 5:colcon.colcon_core.verb:set package 'model_config' build argument 'cmake_target' from command line to 'None'
[0.121s] Level 5:colcon.colcon_core.verb:set package 'model_config' build argument 'cmake_target_skip_unavailable' from command line to 'False'
[0.121s] Level 5:colcon.colcon_core.verb:set package 'model_config' build argument 'cmake_clean_cache' from command line to 'False'
[0.121s] Level 5:colcon.colcon_core.verb:set package 'model_config' build argument 'cmake_clean_first' from command line to 'False'
[0.121s] Level 5:colcon.colcon_core.verb:set package 'model_config' build argument 'cmake_force_configure' from command line to 'False'
[0.121s] Level 5:colcon.colcon_core.verb:set package 'model_config' build argument 'ament_cmake_args' from command line to 'None'
[0.121s] Level 5:colcon.colcon_core.verb:set package 'model_config' build argument 'catkin_cmake_args' from command line to 'None'
[0.121s] Level 5:colcon.colcon_core.verb:set package 'model_config' build argument 'catkin_skip_building_tests' from command line to 'False'
[0.121s] DEBUG:colcon.colcon_core.verb:Building package 'model_config' with the following arguments: {'ament_cmake_args': None, 'build_base': '/home/za/Codes/zzros/build/model_config', 'catkin_cmake_args': None, 'catkin_skip_building_tests': False, 'cmake_args': None, 'cmake_clean_cache': False, 'cmake_clean_first': False, 'cmake_force_configure': False, 'cmake_target': None, 'cmake_target_skip_unavailable': False, 'install_base': '/home/za/Codes/zzros/install/model_config', 'merge_install': False, 'path': '/home/za/Codes/zzros/src/model_config', 'symlink_install': False, 'test_result_base': None}
[0.121s] INFO:colcon.colcon_core.executor:Executing jobs using 'parallel' executor
[0.122s] DEBUG:colcon.colcon_parallel_executor.executor.parallel:run_until_complete
[0.123s] INFO:colcon.colcon_ros.task.ament_python.build:Building ROS package in '/home/za/Codes/zzros/src/state_transformer/joint_state_pub' with build type 'ament_python'
[0.123s] Level 1:colcon.colcon_core.shell:create_environment_hook('joint_state_pub', 'ament_prefix_path')
[0.124s] INFO:colcon.colcon_core.plugin_system:Skipping extension 'colcon_core.shell.bat': Not used on non-Windows systems
[0.125s] INFO:colcon.colcon_core.shell:Creating environment descriptor '/home/za/Codes/zzros/install/joint_state_pub/share/joint_state_pub/hook/ament_prefix_path.dsv'
[0.125s] INFO:colcon.colcon_core.shell:Creating environment hook '/home/za/Codes/zzros/install/joint_state_pub/share/joint_state_pub/hook/ament_prefix_path.sh'
[0.126s] DEBUG:colcon.colcon_core.shell:Skip shell extension 'dsv' for command environment
[0.129s] INFO:colcon.colcon_ros.task.ament_cmake.build:Building ROS package in '/home/za/Codes/zzros/src/model_config' with build type 'ament_cmake'
[0.129s] INFO:colcon.colcon_cmake.task.cmake.build:Building CMake package in '/home/za/Codes/zzros/src/model_config'
[0.129s] DEBUG:colcon.colcon_core.shell:Skip shell extension 'dsv' for command environment
[0.242s] INFO:colcon.colcon_core.task.python.build:Building Python package in '/home/za/Codes/zzros/src/state_transformer/joint_state_pub'
[0.243s] DEBUG:colcon.colcon_core.shell:Skip shell extension 'dsv' for command environment
[0.248s] DEBUG:colcon.colcon_core.event_handler.log_command:Invoking command in '/home/za/Codes/zzros/build/model_config': CMAKE_PREFIX_PATH=${CMAKE_PREFIX_PATH}:/home/za/Codes/zzros/install/joint_state_pub:/opt/ros/jazzy CONDA_PROMPT_MODIFIER=(ros) DEBUGINFOD_URLS=https://debuginfod.ubuntu.com /usr/bin/cmake --build /home/za/Codes/zzros/build/model_config -- -j8 -l8
[0.271s] DEBUG:colcon.colcon_core.event_handler.log_command:Invoked command in '/home/za/Codes/zzros/build/model_config' returned '0': CMAKE_PREFIX_PATH=${CMAKE_PREFIX_PATH}:/home/za/Codes/zzros/install/joint_state_pub:/opt/ros/jazzy CONDA_PROMPT_MODIFIER=(ros) DEBUGINFOD_URLS=https://debuginfod.ubuntu.com /usr/bin/cmake --build /home/za/Codes/zzros/build/model_config -- -j8 -l8
[0.277s] DEBUG:colcon.colcon_core.event_handler.log_command:Invoking command in '/home/za/Codes/zzros/build/model_config': CMAKE_PREFIX_PATH=${CMAKE_PREFIX_PATH}:/home/za/Codes/zzros/install/joint_state_pub:/opt/ros/jazzy CONDA_PROMPT_MODIFIER=(ros) DEBUGINFOD_URLS=https://debuginfod.ubuntu.com /usr/bin/cmake --install /home/za/Codes/zzros/build/model_config
[0.284s] Level 1:colcon.colcon_core.environment:create_environment_scripts_only(model_config)
[0.284s] DEBUG:colcon.colcon_core.event_handler.log_command:Invoked command in '/home/za/Codes/zzros/build/model_config' returned '0': CMAKE_PREFIX_PATH=${CMAKE_PREFIX_PATH}:/home/za/Codes/zzros/install/joint_state_pub:/opt/ros/jazzy CONDA_PROMPT_MODIFIER=(ros) DEBUGINFOD_URLS=https://debuginfod.ubuntu.com /usr/bin/cmake --install /home/za/Codes/zzros/build/model_config
[0.285s] Level 1:colcon.colcon_core.environment:checking '/home/za/Codes/zzros/install/model_config' for CMake module files
[0.286s] Level 1:colcon.colcon_core.environment:checking '/home/za/Codes/zzros/install/model_config' for CMake config files
[0.286s] Level 1:colcon.colcon_core.shell:create_environment_hook('model_config', 'cmake_prefix_path')
[0.286s] INFO:colcon.colcon_core.shell:Creating environment descriptor '/home/za/Codes/zzros/install/model_config/share/model_config/hook/cmake_prefix_path.dsv'
[0.286s] INFO:colcon.colcon_core.shell:Creating environment hook '/home/za/Codes/zzros/install/model_config/share/model_config/hook/cmake_prefix_path.sh'
[0.287s] Level 1:colcon.colcon_core.environment:checking '/home/za/Codes/zzros/install/model_config/lib'
[0.287s] Level 1:colcon.colcon_core.environment:checking '/home/za/Codes/zzros/install/model_config/bin'
[0.287s] Level 1:colcon.colcon_core.environment:checking '/home/za/Codes/zzros/install/model_config/lib/pkgconfig/model_config.pc'
[0.287s] Level 1:colcon.colcon_core.environment:checking '/home/za/Codes/zzros/install/model_config/lib/python3.12/site-packages'
[0.287s] Level 1:colcon.colcon_core.environment:checking '/home/za/Codes/zzros/install/model_config/bin'
[0.287s] INFO:colcon.colcon_core.shell:Creating package descriptor '/home/za/Codes/zzros/install/model_config/share/model_config/package.dsv'
[0.287s] INFO:colcon.colcon_core.shell:Creating package script '/home/za/Codes/zzros/install/model_config/share/model_config/package.sh'
[0.288s] INFO:colcon.colcon_core.shell:Creating package script '/home/za/Codes/zzros/install/model_config/share/model_config/package.bash'
[0.288s] INFO:colcon.colcon_core.shell:Creating package script '/home/za/Codes/zzros/install/model_config/share/model_config/package.zsh'
[0.288s] Level 1:colcon.colcon_core.environment:create_file_with_runtime_dependencies(/home/za/Codes/zzros/install/model_config/share/colcon-core/packages/model_config)
[0.289s] Level 1:colcon.colcon_core.environment:create_environment_scripts_only(model_config)
[0.289s] Level 1:colcon.colcon_core.environment:checking '/home/za/Codes/zzros/install/model_config' for CMake module files
[0.289s] Level 1:colcon.colcon_core.environment:checking '/home/za/Codes/zzros/install/model_config' for CMake config files
[0.289s] Level 1:colcon.colcon_core.shell:create_environment_hook('model_config', 'cmake_prefix_path')
[0.289s] INFO:colcon.colcon_core.shell:Creating environment descriptor '/home/za/Codes/zzros/install/model_config/share/model_config/hook/cmake_prefix_path.dsv'
[0.289s] INFO:colcon.colcon_core.shell:Creating environment hook '/home/za/Codes/zzros/install/model_config/share/model_config/hook/cmake_prefix_path.sh'
[0.290s] Level 1:colcon.colcon_core.environment:checking '/home/za/Codes/zzros/install/model_config/lib'
[0.290s] Level 1:colcon.colcon_core.environment:checking '/home/za/Codes/zzros/install/model_config/bin'
[0.290s] Level 1:colcon.colcon_core.environment:checking '/home/za/Codes/zzros/install/model_config/lib/pkgconfig/model_config.pc'
[0.290s] Level 1:colcon.colcon_core.environment:checking '/home/za/Codes/zzros/install/model_config/lib/python3.12/site-packages'
[0.290s] Level 1:colcon.colcon_core.environment:checking '/home/za/Codes/zzros/install/model_config/bin'
[0.290s] INFO:colcon.colcon_core.shell:Creating package descriptor '/home/za/Codes/zzros/install/model_config/share/model_config/package.dsv'
[0.290s] INFO:colcon.colcon_core.shell:Creating package script '/home/za/Codes/zzros/install/model_config/share/model_config/package.sh'
[0.291s] INFO:colcon.colcon_core.shell:Creating package script '/home/za/Codes/zzros/install/model_config/share/model_config/package.bash'
[0.291s] INFO:colcon.colcon_core.shell:Creating package script '/home/za/Codes/zzros/install/model_config/share/model_config/package.zsh'
[0.291s] Level 1:colcon.colcon_core.environment:create_file_with_runtime_dependencies(/home/za/Codes/zzros/install/model_config/share/colcon-core/packages/model_config)
[0.557s] DEBUG:colcon.colcon_core.event_handler.log_command:Invoking command in '/home/za/Codes/zzros/src/state_transformer/joint_state_pub': CONDA_PROMPT_MODIFIER=(ros) DEBUGINFOD_URLS=https://debuginfod.ubuntu.com PYTHONPATH=/home/za/Codes/zzros/build/joint_state_pub/prefix_override:/usr/lib/python3/dist-packages/colcon_core/task/python/colcon_distutils_commands:/home/za/Codes/zzros/install/joint_state_pub/lib/python3.12/site-packages:${PYTHONPATH} /usr/bin/python3 -W ignore:setup.py install is deprecated -W ignore:easy_install command is deprecated setup.py egg_info --egg-base ../../../build/joint_state_pub build --build-base /home/za/Codes/zzros/build/joint_state_pub/build install --record /home/za/Codes/zzros/build/joint_state_pub/install.log --single-version-externally-managed install_data
[0.827s] Level 1:colcon.colcon_core.environment:checking '/home/za/Codes/zzros/install/joint_state_pub' for CMake module files
[0.828s] Level 1:colcon.colcon_core.environment:checking '/home/za/Codes/zzros/install/joint_state_pub' for CMake config files
[0.828s] DEBUG:colcon.colcon_core.event_handler.log_command:Invoked command in '/home/za/Codes/zzros/src/state_transformer/joint_state_pub' returned '0': CONDA_PROMPT_MODIFIER=(ros) DEBUGINFOD_URLS=https://debuginfod.ubuntu.com PYTHONPATH=/home/za/Codes/zzros/build/joint_state_pub/prefix_override:/usr/lib/python3/dist-packages/colcon_core/task/python/colcon_distutils_commands:/home/za/Codes/zzros/install/joint_state_pub/lib/python3.12/site-packages:${PYTHONPATH} /usr/bin/python3 -W ignore:setup.py install is deprecated -W ignore:easy_install command is deprecated setup.py egg_info --egg-base ../../../build/joint_state_pub build --build-base /home/za/Codes/zzros/build/joint_state_pub/build install --record /home/za/Codes/zzros/build/joint_state_pub/install.log --single-version-externally-managed install_data
[0.828s] Level 1:colcon.colcon_core.environment:checking '/home/za/Codes/zzros/install/joint_state_pub/lib'
[0.828s] Level 1:colcon.colcon_core.environment:checking '/home/za/Codes/zzros/install/joint_state_pub/bin'
[0.828s] Level 1:colcon.colcon_core.environment:checking '/home/za/Codes/zzros/install/joint_state_pub/lib/pkgconfig/joint_state_pub.pc'
[0.829s] Level 1:colcon.colcon_core.environment:checking '/home/za/Codes/zzros/install/joint_state_pub/lib/python3.12/site-packages'
[0.829s] Level 1:colcon.colcon_core.shell:create_environment_hook('joint_state_pub', 'pythonpath')
[0.829s] INFO:colcon.colcon_core.shell:Creating environment descriptor '/home/za/Codes/zzros/install/joint_state_pub/share/joint_state_pub/hook/pythonpath.dsv'
[0.829s] INFO:colcon.colcon_core.shell:Creating environment hook '/home/za/Codes/zzros/install/joint_state_pub/share/joint_state_pub/hook/pythonpath.sh'
[0.829s] Level 1:colcon.colcon_core.environment:checking '/home/za/Codes/zzros/install/joint_state_pub/bin'
[0.829s] Level 1:colcon.colcon_core.environment:create_environment_scripts_only(joint_state_pub)
[0.830s] INFO:colcon.colcon_core.shell:Creating package descriptor '/home/za/Codes/zzros/install/joint_state_pub/share/joint_state_pub/package.dsv'
[0.830s] INFO:colcon.colcon_core.shell:Creating package script '/home/za/Codes/zzros/install/joint_state_pub/share/joint_state_pub/package.sh'
[0.830s] INFO:colcon.colcon_core.shell:Creating package script '/home/za/Codes/zzros/install/joint_state_pub/share/joint_state_pub/package.bash'
[0.831s] INFO:colcon.colcon_core.shell:Creating package script '/home/za/Codes/zzros/install/joint_state_pub/share/joint_state_pub/package.zsh'
[0.831s] Level 1:colcon.colcon_core.environment:create_file_with_runtime_dependencies(/home/za/Codes/zzros/install/joint_state_pub/share/colcon-core/packages/joint_state_pub)
[0.831s] DEBUG:colcon.colcon_parallel_executor.executor.parallel:closing loop
[0.832s] DEBUG:colcon.colcon_parallel_executor.executor.parallel:loop closed
[0.832s] DEBUG:colcon.colcon_parallel_executor.executor.parallel:run_until_complete finished with '0'
[0.832s] DEBUG:colcon.colcon_core.event_reactor:joining thread
[0.835s] INFO:colcon.colcon_core.plugin_system:Skipping extension 'colcon_notification.desktop_notification.terminal_notifier': Not used on non-Darwin systems
[0.835s] INFO:colcon.colcon_core.plugin_system:Skipping extension 'colcon_notification.desktop_notification.win32': Not used on non-Windows systems
[0.835s] INFO:colcon.colcon_notification.desktop_notification:Sending desktop notification using 'notify2'
[0.849s] DEBUG:colcon.colcon_core.event_reactor:joined thread
[0.849s] INFO:colcon.colcon_core.shell:Creating prefix script '/home/za/Codes/zzros/install/local_setup.sh'
[0.850s] INFO:colcon.colcon_core.shell:Creating prefix util module '/home/za/Codes/zzros/install/_local_setup_util_sh.py'
[0.850s] INFO:colcon.colcon_core.shell:Creating prefix chain script '/home/za/Codes/zzros/install/setup.sh'
[0.851s] INFO:colcon.colcon_core.shell:Creating prefix script '/home/za/Codes/zzros/install/local_setup.bash'
[0.851s] INFO:colcon.colcon_core.shell:Creating prefix chain script '/home/za/Codes/zzros/install/setup.bash'
[0.852s] INFO:colcon.colcon_core.shell:Creating prefix script '/home/za/Codes/zzros/install/local_setup.zsh'
[0.852s] INFO:colcon.colcon_core.shell:Creating prefix chain script '/home/za/Codes/zzros/install/setup.zsh'
