[0.120s] Invoking command in '/home/za/Codes/zzros/build/model_config': CMAKE_PREFIX_PATH=${CMAKE_PREFIX_PATH}:/opt/ros/jazzy CONDA_PROMPT_MODIFIER=(ros) DEBUGINFOD_URLS=https://debuginfod.ubuntu.com /usr/bin/cmake --build /home/za/Codes/zzros/build/model_config -- -j8 -l8
[0.135s] -- Found ament_cmake: 2.5.3 (/opt/ros/jazzy/share/ament_cmake/cmake)
[0.238s] -- Found ament_lint_auto: 0.17.1 (/opt/ros/jazzy/share/ament_lint_auto/cmake)
[0.288s] -- Added test 'flake8' to check Python code syntax and style conventions
[0.288s] -- Configured 'flake8' exclude dirs and/or files: 
[0.288s] -- Added test 'lint_cmake' to check CMake code style
[0.289s] -- Added test 'pep257' to check Python code against some of the docstring style conventions in PEP 257
[0.289s] -- Added test 'xmllint' to check XML markup files
[0.290s] -- Configuring done (0.2s)
[0.292s] -- Generating done (0.0s)
[0.294s] -- Build files have been written to: /home/za/Codes/zzros/build/model_config
[0.308s] Invoked command in '/home/za/Codes/zzros/build/model_config' returned '0': CMAKE_PREFIX_PATH=${CMAKE_PREFIX_PATH}:/opt/ros/jazzy CONDA_PROMPT_MODIFIER=(ros) DEBUGINFOD_URLS=https://debuginfod.ubuntu.com /usr/bin/cmake --build /home/za/Codes/zzros/build/model_config -- -j8 -l8
[0.313s] Invoking command in '/home/za/Codes/zzros/build/model_config': CMAKE_PREFIX_PATH=${CMAKE_PREFIX_PATH}:/opt/ros/jazzy CONDA_PROMPT_MODIFIER=(ros) DEBUGINFOD_URLS=https://debuginfod.ubuntu.com /usr/bin/cmake --install /home/za/Codes/zzros/build/model_config
[0.318s] -- Install configuration: ""
[0.318s] -- Up-to-date: /home/za/Codes/zzros/install/model_config/share/model_config/urdf
[0.318s] -- Up-to-date: /home/za/Codes/zzros/install/model_config/share/model_config/urdf/robot.xacro
[0.318s] -- Up-to-date: /home/za/Codes/zzros/install/model_config/share/model_config/urdf/robot.urdf
[0.318s] -- Up-to-date: /home/za/Codes/zzros/install/model_config/share/model_config/urdf/ros2_control.xacro
[0.319s] -- Up-to-date: /home/za/Codes/zzros/install/model_config/share/model_config/meshes
[0.319s] -- Up-to-date: /home/za/Codes/zzros/install/model_config/share/model_config/meshes/Link6.STL
[0.319s] -- Up-to-date: /home/za/Codes/zzros/install/model_config/share/model_config/meshes/Link4.STL
[0.319s] -- Up-to-date: /home/za/Codes/zzros/install/model_config/share/model_config/meshes/Link7.STL
[0.319s] -- Up-to-date: /home/za/Codes/zzros/install/model_config/share/model_config/meshes/Link5.STL
[0.319s] -- Up-to-date: /home/za/Codes/zzros/install/model_config/share/model_config/meshes/Link8.STL
[0.319s] -- Up-to-date: /home/za/Codes/zzros/install/model_config/share/model_config/meshes/Link2.STL
[0.319s] -- Up-to-date: /home/za/Codes/zzros/install/model_config/share/model_config/meshes/Link1.STL
[0.319s] -- Up-to-date: /home/za/Codes/zzros/install/model_config/share/model_config/meshes/base_link.STL
[0.319s] -- Up-to-date: /home/za/Codes/zzros/install/model_config/share/model_config/meshes/Link3.STL
[0.319s] -- Up-to-date: /home/za/Codes/zzros/install/model_config/share/model_config/launch
[0.319s] -- Installing: /home/za/Codes/zzros/install/model_config/share/model_config/launch/display.model.launch.py
[0.319s] -- Up-to-date: /home/za/Codes/zzros/install/model_config/share/model_config/configs
[0.319s] -- Up-to-date: /home/za/Codes/zzros/install/model_config/share/model_config/configs/robot_rviz_config.rviz
[0.319s] -- Up-to-date: /home/za/Codes/zzros/install/model_config/share/model_config/configs/ros2_controller.yaml
[0.319s] -- Up-to-date: /home/za/Codes/zzros/install/model_config/share/ament_index/resource_index/package_run_dependencies/model_config
[0.319s] -- Up-to-date: /home/za/Codes/zzros/install/model_config/share/ament_index/resource_index/parent_prefix_path/model_config
[0.319s] -- Up-to-date: /home/za/Codes/zzros/install/model_config/share/model_config/environment/ament_prefix_path.sh
[0.319s] -- Up-to-date: /home/za/Codes/zzros/install/model_config/share/model_config/environment/ament_prefix_path.dsv
[0.319s] -- Up-to-date: /home/za/Codes/zzros/install/model_config/share/model_config/environment/path.sh
[0.319s] -- Up-to-date: /home/za/Codes/zzros/install/model_config/share/model_config/environment/path.dsv
[0.319s] -- Up-to-date: /home/za/Codes/zzros/install/model_config/share/model_config/local_setup.bash
[0.319s] -- Up-to-date: /home/za/Codes/zzros/install/model_config/share/model_config/local_setup.sh
[0.319s] -- Up-to-date: /home/za/Codes/zzros/install/model_config/share/model_config/local_setup.zsh
[0.320s] -- Up-to-date: /home/za/Codes/zzros/install/model_config/share/model_config/local_setup.dsv
[0.320s] -- Installing: /home/za/Codes/zzros/install/model_config/share/model_config/package.dsv
[0.320s] -- Up-to-date: /home/za/Codes/zzros/install/model_config/share/ament_index/resource_index/packages/model_config
[0.320s] -- Up-to-date: /home/za/Codes/zzros/install/model_config/share/model_config/cmake/model_configConfig.cmake
[0.320s] -- Up-to-date: /home/za/Codes/zzros/install/model_config/share/model_config/cmake/model_configConfig-version.cmake
[0.320s] -- Up-to-date: /home/za/Codes/zzros/install/model_config/share/model_config/package.xml
[0.320s] Invoked command in '/home/za/Codes/zzros/build/model_config' returned '0': CMAKE_PREFIX_PATH=${CMAKE_PREFIX_PATH}:/opt/ros/jazzy CONDA_PROMPT_MODIFIER=(ros) DEBUGINFOD_URLS=https://debuginfod.ubuntu.com /usr/bin/cmake --install /home/za/Codes/zzros/build/model_config
