running egg_info
writing ../../../build/joint_state_pub/joint_state_pub.egg-info/PKG-INFO
writing dependency_links to ../../../build/joint_state_pub/joint_state_pub.egg-info/dependency_links.txt
writing entry points to ../../../build/joint_state_pub/joint_state_pub.egg-info/entry_points.txt
writing requirements to ../../../build/joint_state_pub/joint_state_pub.egg-info/requires.txt
writing top-level names to ../../../build/joint_state_pub/joint_state_pub.egg-info/top_level.txt
reading manifest file '../../../build/joint_state_pub/joint_state_pub.egg-info/SOURCES.txt'
adding license file 'LICENSE'
writing manifest file '../../../build/joint_state_pub/joint_state_pub.egg-info/SOURCES.txt'
running build
running build_py
copying joint_state_pub/joint_state_pub.py -> /home/za/Codes/zzros/build/joint_state_pub/build/lib/joint_state_pub
running install
running install_lib
copying /home/za/Codes/zzros/build/joint_state_pub/build/lib/joint_state_pub/joint_state_pub.py -> /home/za/Codes/zzros/install/joint_state_pub/lib/python3.12/site-packages/joint_state_pub
byte-compiling /home/za/Codes/zzros/install/joint_state_pub/lib/python3.12/site-packages/joint_state_pub/joint_state_pub.py to joint_state_pub.cpython-312.pyc
running install_data
running install_egg_info
removing '/home/za/Codes/zzros/install/joint_state_pub/lib/python3.12/site-packages/joint_state_pub-0.0.0-py3.12.egg-info' (and everything under it)
Copying ../../../build/joint_state_pub/joint_state_pub.egg-info to /home/za/Codes/zzros/install/joint_state_pub/lib/python3.12/site-packages/joint_state_pub-0.0.0-py3.12.egg-info
running install_scripts
Installing joint_state_pub script to /home/za/Codes/zzros/install/joint_state_pub/lib/joint_state_pub
writing list of installed files to '/home/za/Codes/zzros/build/joint_state_pub/install.log'
