[0.065s] DEBUG:colcon:Command line arguments: ['/usr/bin/colcon', 'build']
[0.065s] DEBUG:colcon:Parsed command line arguments: Namespace(log_base=None, log_level=None, verb_name='build', build_base='build', install_base='install', merge_install=False, symlink_install=False, test_result_base=None, continue_on_error=False, executor='parallel', parallel_workers=8, event_handlers=None, ignore_user_meta=False, metas=['./colcon.meta'], base_paths=['.'], packages_ignore=None, packages_ignore_regex=None, paths=None, packages_up_to=None, packages_up_to_regex=None, packages_above=None, packages_above_and_dependencies=None, packages_above_depth=None, packages_select_by_dep=None, packages_skip_by_dep=None, packages_skip_up_to=None, packages_select_build_failed=False, packages_skip_build_finished=False, packages_select_test_failures=False, packages_skip_test_passed=False, packages_select=None, packages_skip=None, packages_select_regex=None, packages_skip_regex=None, packages_start=None, packages_end=None, cmake_args=None, cmake_target=None, cmake_target_skip_unavailable=False, cmake_clean_cache=False, cmake_clean_first=False, cmake_force_configure=False, ament_cmake_args=None, catkin_cmake_args=None, catkin_skip_building_tests=False, verb_parser=<colcon_defaults.argument_parser.defaults.DefaultArgumentsDecorator object at 0x76bae46c42f0>, verb_extension=<colcon_core.verb.build.BuildVerb object at 0x76bae484d9d0>, main=<bound method BuildVerb.main of <colcon_core.verb.build.BuildVerb object at 0x76bae484d9d0>>)
[0.094s] Level 1:colcon.colcon_core.package_discovery:discover_packages(colcon_meta) check parameters
[0.094s] Level 1:colcon.colcon_core.package_discovery:discover_packages(recursive) check parameters
[0.094s] Level 1:colcon.colcon_core.package_discovery:discover_packages(ignore) check parameters
[0.094s] Level 1:colcon.colcon_core.package_discovery:discover_packages(path) check parameters
[0.094s] Level 1:colcon.colcon_core.package_discovery:discover_packages(colcon_meta) discover
[0.094s] Level 1:colcon.colcon_core.package_discovery:discover_packages(recursive) discover
[0.094s] INFO:colcon.colcon_core.package_discovery:Crawling recursively for packages in '/home/za/Codes/zzros'
[0.094s] Level 1:colcon.colcon_core.package_identification:_identify(.) by extensions ['ignore', 'ignore_ament_install']
[0.094s] Level 1:colcon.colcon_core.package_identification:_identify(.) by extension 'ignore'
[0.094s] Level 1:colcon.colcon_core.package_identification:_identify(.) by extension 'ignore_ament_install'
[0.094s] Level 1:colcon.colcon_core.package_identification:_identify(.) by extensions ['colcon_pkg']
[0.094s] Level 1:colcon.colcon_core.package_identification:_identify(.) by extension 'colcon_pkg'
[0.094s] Level 1:colcon.colcon_core.package_identification:_identify(.) by extensions ['colcon_meta']
[0.094s] Level 1:colcon.colcon_core.package_identification:_identify(.) by extension 'colcon_meta'
[0.094s] Level 1:colcon.colcon_core.package_identification:_identify(.) by extensions ['ros']
[0.094s] Level 1:colcon.colcon_core.package_identification:_identify(.) by extension 'ros'
[0.108s] Level 1:colcon.colcon_core.package_identification:_identify(.) by extensions ['cmake', 'python']
[0.108s] Level 1:colcon.colcon_core.package_identification:_identify(.) by extension 'cmake'
[0.108s] Level 1:colcon.colcon_core.package_identification:_identify(.) by extension 'python'
[0.108s] Level 1:colcon.colcon_core.package_identification:_identify(.) by extensions ['python_setup_py']
[0.108s] Level 1:colcon.colcon_core.package_identification:_identify(.) by extension 'python_setup_py'
[0.108s] Level 1:colcon.colcon_core.package_identification:_identify(build) by extensions ['ignore', 'ignore_ament_install']
[0.108s] Level 1:colcon.colcon_core.package_identification:_identify(build) by extension 'ignore'
[0.108s] Level 1:colcon.colcon_core.package_identification:_identify(build) ignored
[0.109s] Level 1:colcon.colcon_core.package_identification:_identify(install) by extensions ['ignore', 'ignore_ament_install']
[0.109s] Level 1:colcon.colcon_core.package_identification:_identify(install) by extension 'ignore'
[0.109s] Level 1:colcon.colcon_core.package_identification:_identify(install) ignored
[0.109s] Level 1:colcon.colcon_core.package_identification:_identify(log) by extensions ['ignore', 'ignore_ament_install']
[0.109s] Level 1:colcon.colcon_core.package_identification:_identify(log) by extension 'ignore'
[0.109s] Level 1:colcon.colcon_core.package_identification:_identify(log) ignored
[0.109s] Level 1:colcon.colcon_core.package_identification:_identify(src) by extensions ['ignore', 'ignore_ament_install']
[0.109s] Level 1:colcon.colcon_core.package_identification:_identify(src) by extension 'ignore'
[0.109s] Level 1:colcon.colcon_core.package_identification:_identify(src) by extension 'ignore_ament_install'
[0.109s] Level 1:colcon.colcon_core.package_identification:_identify(src) by extensions ['colcon_pkg']
[0.109s] Level 1:colcon.colcon_core.package_identification:_identify(src) by extension 'colcon_pkg'
[0.109s] Level 1:colcon.colcon_core.package_identification:_identify(src) by extensions ['colcon_meta']
[0.109s] Level 1:colcon.colcon_core.package_identification:_identify(src) by extension 'colcon_meta'
[0.109s] Level 1:colcon.colcon_core.package_identification:_identify(src) by extensions ['ros']
[0.109s] Level 1:colcon.colcon_core.package_identification:_identify(src) by extension 'ros'
[0.109s] Level 1:colcon.colcon_core.package_identification:_identify(src) by extensions ['cmake', 'python']
[0.109s] Level 1:colcon.colcon_core.package_identification:_identify(src) by extension 'cmake'
[0.109s] Level 1:colcon.colcon_core.package_identification:_identify(src) by extension 'python'
[0.109s] Level 1:colcon.colcon_core.package_identification:_identify(src) by extensions ['python_setup_py']
[0.109s] Level 1:colcon.colcon_core.package_identification:_identify(src) by extension 'python_setup_py'
[0.109s] Level 1:colcon.colcon_core.package_identification:_identify(src/core) by extensions ['ignore', 'ignore_ament_install']
[0.109s] Level 1:colcon.colcon_core.package_identification:_identify(src/core) by extension 'ignore'
[0.109s] Level 1:colcon.colcon_core.package_identification:_identify(src/core) by extension 'ignore_ament_install'
[0.109s] Level 1:colcon.colcon_core.package_identification:_identify(src/core) by extensions ['colcon_pkg']
[0.109s] Level 1:colcon.colcon_core.package_identification:_identify(src/core) by extension 'colcon_pkg'
[0.109s] Level 1:colcon.colcon_core.package_identification:_identify(src/core) by extensions ['colcon_meta']
[0.109s] Level 1:colcon.colcon_core.package_identification:_identify(src/core) by extension 'colcon_meta'
[0.109s] Level 1:colcon.colcon_core.package_identification:_identify(src/core) by extensions ['ros']
[0.109s] Level 1:colcon.colcon_core.package_identification:_identify(src/core) by extension 'ros'
[0.109s] Level 1:colcon.colcon_core.package_identification:_identify(src/core) by extensions ['cmake', 'python']
[0.109s] Level 1:colcon.colcon_core.package_identification:_identify(src/core) by extension 'cmake'
[0.109s] Level 1:colcon.colcon_core.package_identification:_identify(src/core) by extension 'python'
[0.109s] Level 1:colcon.colcon_core.package_identification:_identify(src/core) by extensions ['python_setup_py']
[0.109s] Level 1:colcon.colcon_core.package_identification:_identify(src/core) by extension 'python_setup_py'
[0.110s] Level 1:colcon.colcon_core.package_identification:_identify(src/core/__pycache__) by extensions ['ignore', 'ignore_ament_install']
[0.110s] Level 1:colcon.colcon_core.package_identification:_identify(src/core/__pycache__) by extension 'ignore'
[0.110s] Level 1:colcon.colcon_core.package_identification:_identify(src/core/__pycache__) by extension 'ignore_ament_install'
[0.110s] Level 1:colcon.colcon_core.package_identification:_identify(src/core/__pycache__) by extensions ['colcon_pkg']
[0.110s] Level 1:colcon.colcon_core.package_identification:_identify(src/core/__pycache__) by extension 'colcon_pkg'
[0.110s] Level 1:colcon.colcon_core.package_identification:_identify(src/core/__pycache__) by extensions ['colcon_meta']
[0.110s] Level 1:colcon.colcon_core.package_identification:_identify(src/core/__pycache__) by extension 'colcon_meta'
[0.110s] Level 1:colcon.colcon_core.package_identification:_identify(src/core/__pycache__) by extensions ['ros']
[0.110s] Level 1:colcon.colcon_core.package_identification:_identify(src/core/__pycache__) by extension 'ros'
[0.110s] Level 1:colcon.colcon_core.package_identification:_identify(src/core/__pycache__) by extensions ['cmake', 'python']
[0.110s] Level 1:colcon.colcon_core.package_identification:_identify(src/core/__pycache__) by extension 'cmake'
[0.110s] Level 1:colcon.colcon_core.package_identification:_identify(src/core/__pycache__) by extension 'python'
[0.110s] Level 1:colcon.colcon_core.package_identification:_identify(src/core/__pycache__) by extensions ['python_setup_py']
[0.110s] Level 1:colcon.colcon_core.package_identification:_identify(src/core/__pycache__) by extension 'python_setup_py'
[0.110s] Level 1:colcon.colcon_core.package_identification:_identify(src/core/gui) by extensions ['ignore', 'ignore_ament_install']
[0.110s] Level 1:colcon.colcon_core.package_identification:_identify(src/core/gui) by extension 'ignore'
[0.110s] Level 1:colcon.colcon_core.package_identification:_identify(src/core/gui) by extension 'ignore_ament_install'
[0.110s] Level 1:colcon.colcon_core.package_identification:_identify(src/core/gui) by extensions ['colcon_pkg']
[0.110s] Level 1:colcon.colcon_core.package_identification:_identify(src/core/gui) by extension 'colcon_pkg'
[0.110s] Level 1:colcon.colcon_core.package_identification:_identify(src/core/gui) by extensions ['colcon_meta']
[0.110s] Level 1:colcon.colcon_core.package_identification:_identify(src/core/gui) by extension 'colcon_meta'
[0.110s] Level 1:colcon.colcon_core.package_identification:_identify(src/core/gui) by extensions ['ros']
[0.110s] Level 1:colcon.colcon_core.package_identification:_identify(src/core/gui) by extension 'ros'
[0.110s] Level 1:colcon.colcon_core.package_identification:_identify(src/core/gui) by extensions ['cmake', 'python']
[0.110s] Level 1:colcon.colcon_core.package_identification:_identify(src/core/gui) by extension 'cmake'
[0.110s] Level 1:colcon.colcon_core.package_identification:_identify(src/core/gui) by extension 'python'
[0.110s] Level 1:colcon.colcon_core.package_identification:_identify(src/core/gui) by extensions ['python_setup_py']
[0.110s] Level 1:colcon.colcon_core.package_identification:_identify(src/core/gui) by extension 'python_setup_py'
[0.110s] Level 1:colcon.colcon_core.package_identification:_identify(src/core/kinematic) by extensions ['ignore', 'ignore_ament_install']
[0.110s] Level 1:colcon.colcon_core.package_identification:_identify(src/core/kinematic) by extension 'ignore'
[0.110s] Level 1:colcon.colcon_core.package_identification:_identify(src/core/kinematic) by extension 'ignore_ament_install'
[0.110s] Level 1:colcon.colcon_core.package_identification:_identify(src/core/kinematic) by extensions ['colcon_pkg']
[0.110s] Level 1:colcon.colcon_core.package_identification:_identify(src/core/kinematic) by extension 'colcon_pkg'
[0.110s] Level 1:colcon.colcon_core.package_identification:_identify(src/core/kinematic) by extensions ['colcon_meta']
[0.110s] Level 1:colcon.colcon_core.package_identification:_identify(src/core/kinematic) by extension 'colcon_meta'
[0.110s] Level 1:colcon.colcon_core.package_identification:_identify(src/core/kinematic) by extensions ['ros']
[0.110s] Level 1:colcon.colcon_core.package_identification:_identify(src/core/kinematic) by extension 'ros'
[0.111s] Level 1:colcon.colcon_core.package_identification:_identify(src/core/kinematic) by extensions ['cmake', 'python']
[0.111s] Level 1:colcon.colcon_core.package_identification:_identify(src/core/kinematic) by extension 'cmake'
[0.111s] Level 1:colcon.colcon_core.package_identification:_identify(src/core/kinematic) by extension 'python'
[0.111s] Level 1:colcon.colcon_core.package_identification:_identify(src/core/kinematic) by extensions ['python_setup_py']
[0.111s] Level 1:colcon.colcon_core.package_identification:_identify(src/core/kinematic) by extension 'python_setup_py'
[0.111s] Level 1:colcon.colcon_core.package_identification:_identify(src/core/kinematic/__pycache__) by extensions ['ignore', 'ignore_ament_install']
[0.111s] Level 1:colcon.colcon_core.package_identification:_identify(src/core/kinematic/__pycache__) by extension 'ignore'
[0.111s] Level 1:colcon.colcon_core.package_identification:_identify(src/core/kinematic/__pycache__) by extension 'ignore_ament_install'
[0.111s] Level 1:colcon.colcon_core.package_identification:_identify(src/core/kinematic/__pycache__) by extensions ['colcon_pkg']
[0.111s] Level 1:colcon.colcon_core.package_identification:_identify(src/core/kinematic/__pycache__) by extension 'colcon_pkg'
[0.111s] Level 1:colcon.colcon_core.package_identification:_identify(src/core/kinematic/__pycache__) by extensions ['colcon_meta']
[0.111s] Level 1:colcon.colcon_core.package_identification:_identify(src/core/kinematic/__pycache__) by extension 'colcon_meta'
[0.111s] Level 1:colcon.colcon_core.package_identification:_identify(src/core/kinematic/__pycache__) by extensions ['ros']
[0.111s] Level 1:colcon.colcon_core.package_identification:_identify(src/core/kinematic/__pycache__) by extension 'ros'
[0.111s] Level 1:colcon.colcon_core.package_identification:_identify(src/core/kinematic/__pycache__) by extensions ['cmake', 'python']
[0.111s] Level 1:colcon.colcon_core.package_identification:_identify(src/core/kinematic/__pycache__) by extension 'cmake'
[0.111s] Level 1:colcon.colcon_core.package_identification:_identify(src/core/kinematic/__pycache__) by extension 'python'
[0.111s] Level 1:colcon.colcon_core.package_identification:_identify(src/core/kinematic/__pycache__) by extensions ['python_setup_py']
[0.111s] Level 1:colcon.colcon_core.package_identification:_identify(src/core/kinematic/__pycache__) by extension 'python_setup_py'
[0.111s] Level 1:colcon.colcon_core.package_identification:_identify(src/core/vis) by extensions ['ignore', 'ignore_ament_install']
[0.111s] Level 1:colcon.colcon_core.package_identification:_identify(src/core/vis) by extension 'ignore'
[0.111s] Level 1:colcon.colcon_core.package_identification:_identify(src/core/vis) by extension 'ignore_ament_install'
[0.111s] Level 1:colcon.colcon_core.package_identification:_identify(src/core/vis) by extensions ['colcon_pkg']
[0.111s] Level 1:colcon.colcon_core.package_identification:_identify(src/core/vis) by extension 'colcon_pkg'
[0.111s] Level 1:colcon.colcon_core.package_identification:_identify(src/core/vis) by extensions ['colcon_meta']
[0.111s] Level 1:colcon.colcon_core.package_identification:_identify(src/core/vis) by extension 'colcon_meta'
[0.111s] Level 1:colcon.colcon_core.package_identification:_identify(src/core/vis) by extensions ['ros']
[0.111s] Level 1:colcon.colcon_core.package_identification:_identify(src/core/vis) by extension 'ros'
[0.111s] Level 1:colcon.colcon_core.package_identification:_identify(src/core/vis) by extensions ['cmake', 'python']
[0.111s] Level 1:colcon.colcon_core.package_identification:_identify(src/core/vis) by extension 'cmake'
[0.111s] Level 1:colcon.colcon_core.package_identification:_identify(src/core/vis) by extension 'python'
[0.111s] Level 1:colcon.colcon_core.package_identification:_identify(src/core/vis) by extensions ['python_setup_py']
[0.111s] Level 1:colcon.colcon_core.package_identification:_identify(src/core/vis) by extension 'python_setup_py'
[0.111s] Level 1:colcon.colcon_core.package_identification:_identify(src/core/vis/__pycache__) by extensions ['ignore', 'ignore_ament_install']
[0.112s] Level 1:colcon.colcon_core.package_identification:_identify(src/core/vis/__pycache__) by extension 'ignore'
[0.112s] Level 1:colcon.colcon_core.package_identification:_identify(src/core/vis/__pycache__) by extension 'ignore_ament_install'
[0.112s] Level 1:colcon.colcon_core.package_identification:_identify(src/core/vis/__pycache__) by extensions ['colcon_pkg']
[0.112s] Level 1:colcon.colcon_core.package_identification:_identify(src/core/vis/__pycache__) by extension 'colcon_pkg'
[0.112s] Level 1:colcon.colcon_core.package_identification:_identify(src/core/vis/__pycache__) by extensions ['colcon_meta']
[0.112s] Level 1:colcon.colcon_core.package_identification:_identify(src/core/vis/__pycache__) by extension 'colcon_meta'
[0.112s] Level 1:colcon.colcon_core.package_identification:_identify(src/core/vis/__pycache__) by extensions ['ros']
[0.112s] Level 1:colcon.colcon_core.package_identification:_identify(src/core/vis/__pycache__) by extension 'ros'
[0.112s] Level 1:colcon.colcon_core.package_identification:_identify(src/core/vis/__pycache__) by extensions ['cmake', 'python']
[0.112s] Level 1:colcon.colcon_core.package_identification:_identify(src/core/vis/__pycache__) by extension 'cmake'
[0.112s] Level 1:colcon.colcon_core.package_identification:_identify(src/core/vis/__pycache__) by extension 'python'
[0.112s] Level 1:colcon.colcon_core.package_identification:_identify(src/core/vis/__pycache__) by extensions ['python_setup_py']
[0.112s] Level 1:colcon.colcon_core.package_identification:_identify(src/core/vis/__pycache__) by extension 'python_setup_py'
[0.112s] Level 1:colcon.colcon_core.package_identification:_identify(src/model_config) by extensions ['ignore', 'ignore_ament_install']
[0.112s] Level 1:colcon.colcon_core.package_identification:_identify(src/model_config) by extension 'ignore'
[0.112s] Level 1:colcon.colcon_core.package_identification:_identify(src/model_config) by extension 'ignore_ament_install'
[0.112s] Level 1:colcon.colcon_core.package_identification:_identify(src/model_config) by extensions ['colcon_pkg']
[0.112s] Level 1:colcon.colcon_core.package_identification:_identify(src/model_config) by extension 'colcon_pkg'
[0.112s] Level 1:colcon.colcon_core.package_identification:_identify(src/model_config) by extensions ['colcon_meta']
[0.112s] Level 1:colcon.colcon_core.package_identification:_identify(src/model_config) by extension 'colcon_meta'
[0.112s] Level 1:colcon.colcon_core.package_identification:_identify(src/model_config) by extensions ['ros']
[0.112s] Level 1:colcon.colcon_core.package_identification:_identify(src/model_config) by extension 'ros'
[0.114s] DEBUG:colcon.colcon_core.package_identification:Package 'src/model_config' with type 'ros.ament_cmake' and name 'model_config'
[0.114s] Level 1:colcon.colcon_core.package_identification:_identify(src/test) by extensions ['ignore', 'ignore_ament_install']
[0.114s] Level 1:colcon.colcon_core.package_identification:_identify(src/test) by extension 'ignore'
[0.114s] Level 1:colcon.colcon_core.package_identification:_identify(src/test) by extension 'ignore_ament_install'
[0.114s] Level 1:colcon.colcon_core.package_identification:_identify(src/test) by extensions ['colcon_pkg']
[0.114s] Level 1:colcon.colcon_core.package_identification:_identify(src/test) by extension 'colcon_pkg'
[0.114s] Level 1:colcon.colcon_core.package_identification:_identify(src/test) by extensions ['colcon_meta']
[0.114s] Level 1:colcon.colcon_core.package_identification:_identify(src/test) by extension 'colcon_meta'
[0.114s] Level 1:colcon.colcon_core.package_identification:_identify(src/test) by extensions ['ros']
[0.114s] Level 1:colcon.colcon_core.package_identification:_identify(src/test) by extension 'ros'
[0.114s] Level 1:colcon.colcon_core.package_identification:_identify(src/test) by extensions ['cmake', 'python']
[0.114s] Level 1:colcon.colcon_core.package_identification:_identify(src/test) by extension 'cmake'
[0.114s] Level 1:colcon.colcon_core.package_identification:_identify(src/test) by extension 'python'
[0.114s] Level 1:colcon.colcon_core.package_identification:_identify(src/test) by extensions ['python_setup_py']
[0.114s] Level 1:colcon.colcon_core.package_identification:_identify(src/test) by extension 'python_setup_py'
[0.114s] Level 1:colcon.colcon_core.package_discovery:discover_packages(recursive) using defaults
[0.114s] Level 1:colcon.colcon_core.package_discovery:discover_packages(ignore) discover
[0.114s] Level 1:colcon.colcon_core.package_discovery:discover_packages(ignore) using defaults
[0.114s] Level 1:colcon.colcon_core.package_discovery:discover_packages(path) discover
[0.114s] Level 1:colcon.colcon_core.package_discovery:discover_packages(path) using defaults
[0.127s] Level 5:colcon.colcon_core.verb:set package 'model_config' build argument 'cmake_args' from command line to 'None'
[0.127s] Level 5:colcon.colcon_core.verb:set package 'model_config' build argument 'cmake_target' from command line to 'None'
[0.127s] Level 5:colcon.colcon_core.verb:set package 'model_config' build argument 'cmake_target_skip_unavailable' from command line to 'False'
[0.127s] Level 5:colcon.colcon_core.verb:set package 'model_config' build argument 'cmake_clean_cache' from command line to 'False'
[0.127s] Level 5:colcon.colcon_core.verb:set package 'model_config' build argument 'cmake_clean_first' from command line to 'False'
[0.127s] Level 5:colcon.colcon_core.verb:set package 'model_config' build argument 'cmake_force_configure' from command line to 'False'
[0.127s] Level 5:colcon.colcon_core.verb:set package 'model_config' build argument 'ament_cmake_args' from command line to 'None'
[0.127s] Level 5:colcon.colcon_core.verb:set package 'model_config' build argument 'catkin_cmake_args' from command line to 'None'
[0.127s] Level 5:colcon.colcon_core.verb:set package 'model_config' build argument 'catkin_skip_building_tests' from command line to 'False'
[0.127s] DEBUG:colcon.colcon_core.verb:Building package 'model_config' with the following arguments: {'ament_cmake_args': None, 'build_base': '/home/za/Codes/zzros/build/model_config', 'catkin_cmake_args': None, 'catkin_skip_building_tests': False, 'cmake_args': None, 'cmake_clean_cache': False, 'cmake_clean_first': False, 'cmake_force_configure': False, 'cmake_target': None, 'cmake_target_skip_unavailable': False, 'install_base': '/home/za/Codes/zzros/install/model_config', 'merge_install': False, 'path': '/home/za/Codes/zzros/src/model_config', 'symlink_install': False, 'test_result_base': None}
[0.127s] INFO:colcon.colcon_core.executor:Executing jobs using 'parallel' executor
[0.128s] DEBUG:colcon.colcon_parallel_executor.executor.parallel:run_until_complete
[0.128s] INFO:colcon.colcon_ros.task.ament_cmake.build:Building ROS package in '/home/za/Codes/zzros/src/model_config' with build type 'ament_cmake'
[0.128s] INFO:colcon.colcon_cmake.task.cmake.build:Building CMake package in '/home/za/Codes/zzros/src/model_config'
[0.129s] INFO:colcon.colcon_core.plugin_system:Skipping extension 'colcon_core.shell.bat': Not used on non-Windows systems
[0.129s] DEBUG:colcon.colcon_core.shell:Skip shell extension 'dsv' for command environment
[0.136s] DEBUG:colcon.colcon_core.event_handler.log_command:Invoking command in '/home/za/Codes/zzros/build/model_config': CMAKE_PREFIX_PATH=${CMAKE_PREFIX_PATH}:/opt/ros/jazzy CONDA_PROMPT_MODIFIER=(ros) DEBUGINFOD_URLS=https://debuginfod.ubuntu.com /usr/bin/cmake --build /home/za/Codes/zzros/build/model_config -- -j8 -l8
[0.372s] DEBUG:colcon.colcon_core.event_handler.log_command:Invoked command in '/home/za/Codes/zzros/build/model_config' returned '0': CMAKE_PREFIX_PATH=${CMAKE_PREFIX_PATH}:/opt/ros/jazzy CONDA_PROMPT_MODIFIER=(ros) DEBUGINFOD_URLS=https://debuginfod.ubuntu.com /usr/bin/cmake --build /home/za/Codes/zzros/build/model_config -- -j8 -l8
[0.379s] DEBUG:colcon.colcon_core.event_handler.log_command:Invoking command in '/home/za/Codes/zzros/build/model_config': CMAKE_PREFIX_PATH=${CMAKE_PREFIX_PATH}:/opt/ros/jazzy CONDA_PROMPT_MODIFIER=(ros) DEBUGINFOD_URLS=https://debuginfod.ubuntu.com /usr/bin/cmake --install /home/za/Codes/zzros/build/model_config
[0.386s] Level 1:colcon.colcon_core.environment:create_environment_scripts_only(model_config)
[0.386s] DEBUG:colcon.colcon_core.event_handler.log_command:Invoked command in '/home/za/Codes/zzros/build/model_config' returned '0': CMAKE_PREFIX_PATH=${CMAKE_PREFIX_PATH}:/opt/ros/jazzy CONDA_PROMPT_MODIFIER=(ros) DEBUGINFOD_URLS=https://debuginfod.ubuntu.com /usr/bin/cmake --install /home/za/Codes/zzros/build/model_config
[0.388s] Level 1:colcon.colcon_core.environment:checking '/home/za/Codes/zzros/install/model_config' for CMake module files
[0.388s] Level 1:colcon.colcon_core.environment:checking '/home/za/Codes/zzros/install/model_config' for CMake config files
[0.388s] Level 1:colcon.colcon_core.shell:create_environment_hook('model_config', 'cmake_prefix_path')
[0.388s] INFO:colcon.colcon_core.shell:Creating environment descriptor '/home/za/Codes/zzros/install/model_config/share/model_config/hook/cmake_prefix_path.dsv'
[0.389s] INFO:colcon.colcon_core.shell:Creating environment hook '/home/za/Codes/zzros/install/model_config/share/model_config/hook/cmake_prefix_path.sh'
[0.389s] Level 1:colcon.colcon_core.environment:checking '/home/za/Codes/zzros/install/model_config/bin'
[0.389s] Level 1:colcon.colcon_core.environment:checking '/home/za/Codes/zzros/install/model_config/lib/pkgconfig/model_config.pc'
[0.391s] Level 1:colcon.colcon_core.environment:checking '/home/za/Codes/zzros/install/model_config/lib/python3.12/site-packages'
[0.391s] Level 1:colcon.colcon_core.environment:checking '/home/za/Codes/zzros/install/model_config/bin'
[0.391s] INFO:colcon.colcon_core.shell:Creating package descriptor '/home/za/Codes/zzros/install/model_config/share/model_config/package.dsv'
[0.391s] INFO:colcon.colcon_core.shell:Creating package script '/home/za/Codes/zzros/install/model_config/share/model_config/package.sh'
[0.392s] INFO:colcon.colcon_core.shell:Creating package script '/home/za/Codes/zzros/install/model_config/share/model_config/package.bash'
[0.392s] INFO:colcon.colcon_core.shell:Creating package script '/home/za/Codes/zzros/install/model_config/share/model_config/package.zsh'
[0.392s] Level 1:colcon.colcon_core.environment:create_file_with_runtime_dependencies(/home/za/Codes/zzros/install/model_config/share/colcon-core/packages/model_config)
[0.393s] Level 1:colcon.colcon_core.environment:create_environment_scripts_only(model_config)
[0.393s] Level 1:colcon.colcon_core.environment:checking '/home/za/Codes/zzros/install/model_config' for CMake module files
[0.393s] Level 1:colcon.colcon_core.environment:checking '/home/za/Codes/zzros/install/model_config' for CMake config files
[0.393s] Level 1:colcon.colcon_core.shell:create_environment_hook('model_config', 'cmake_prefix_path')
[0.393s] INFO:colcon.colcon_core.shell:Creating environment descriptor '/home/za/Codes/zzros/install/model_config/share/model_config/hook/cmake_prefix_path.dsv'
[0.393s] INFO:colcon.colcon_core.shell:Creating environment hook '/home/za/Codes/zzros/install/model_config/share/model_config/hook/cmake_prefix_path.sh'
[0.394s] Level 1:colcon.colcon_core.environment:checking '/home/za/Codes/zzros/install/model_config/bin'
[0.394s] Level 1:colcon.colcon_core.environment:checking '/home/za/Codes/zzros/install/model_config/lib/pkgconfig/model_config.pc'
[0.394s] Level 1:colcon.colcon_core.environment:checking '/home/za/Codes/zzros/install/model_config/lib/python3.12/site-packages'
[0.394s] Level 1:colcon.colcon_core.environment:checking '/home/za/Codes/zzros/install/model_config/bin'
[0.394s] INFO:colcon.colcon_core.shell:Creating package descriptor '/home/za/Codes/zzros/install/model_config/share/model_config/package.dsv'
[0.394s] INFO:colcon.colcon_core.shell:Creating package script '/home/za/Codes/zzros/install/model_config/share/model_config/package.sh'
[0.395s] INFO:colcon.colcon_core.shell:Creating package script '/home/za/Codes/zzros/install/model_config/share/model_config/package.bash'
[0.395s] INFO:colcon.colcon_core.shell:Creating package script '/home/za/Codes/zzros/install/model_config/share/model_config/package.zsh'
[0.395s] Level 1:colcon.colcon_core.environment:create_file_with_runtime_dependencies(/home/za/Codes/zzros/install/model_config/share/colcon-core/packages/model_config)
[0.396s] DEBUG:colcon.colcon_parallel_executor.executor.parallel:closing loop
[0.396s] DEBUG:colcon.colcon_parallel_executor.executor.parallel:loop closed
[0.396s] DEBUG:colcon.colcon_parallel_executor.executor.parallel:run_until_complete finished with '0'
[0.396s] DEBUG:colcon.colcon_core.event_reactor:joining thread
[0.402s] INFO:colcon.colcon_core.plugin_system:Skipping extension 'colcon_notification.desktop_notification.terminal_notifier': Not used on non-Darwin systems
[0.402s] INFO:colcon.colcon_core.plugin_system:Skipping extension 'colcon_notification.desktop_notification.win32': Not used on non-Windows systems
[0.403s] INFO:colcon.colcon_notification.desktop_notification:Sending desktop notification using 'notify2'
[0.422s] DEBUG:colcon.colcon_core.event_reactor:joined thread
[0.422s] INFO:colcon.colcon_core.shell:Creating prefix script '/home/za/Codes/zzros/install/local_setup.sh'
[0.423s] INFO:colcon.colcon_core.shell:Creating prefix util module '/home/za/Codes/zzros/install/_local_setup_util_sh.py'
[0.424s] INFO:colcon.colcon_core.shell:Creating prefix chain script '/home/za/Codes/zzros/install/setup.sh'
[0.424s] INFO:colcon.colcon_core.shell:Creating prefix script '/home/za/Codes/zzros/install/local_setup.bash'
[0.425s] INFO:colcon.colcon_core.shell:Creating prefix chain script '/home/za/Codes/zzros/install/setup.bash'
[0.425s] INFO:colcon.colcon_core.shell:Creating prefix script '/home/za/Codes/zzros/install/local_setup.zsh'
[0.426s] INFO:colcon.colcon_core.shell:Creating prefix chain script '/home/za/Codes/zzros/install/setup.zsh'
